
================================================================================
ПАРА: AINUSDT | СИГНАЛ: LONG | ВРЕМЯ: 2025-07-23 22:08:12
================================================================================
```json
{"coin": "AINUSDT", "direction": "long", "entry_price": 0.1578, "stop_loss": 0.1554, "take_profit": 0.1602, "leverage": "3x"}
```

================================================================================
ПАРА: AKTUSDT | СИГНАЛ: SHORT | ВРЕМЯ: 2025-07-23 22:08:23
================================================================================
```json
{"coin": "AKTUSDT", "direction": "short", "entry_price": 1.368, "stop_loss": 1.379, "take_profit": 1.35, "leverage": "3x"}
```

================================================================================
ПАРА: FIDAUSDT | СИГНАЛ: SHORT | ВРЕМЯ: 2025-07-23 22:08:36
================================================================================
```json
{"coin": "FIDAUSDT", "direction": "short", "entry_price": 0.11212, "stop_loss": 0.11313, "take_profit": 0.11011, "leverage": "3x"}
```

================================================================================
ПАРА: HNTUSDT | СИГНАЛ: SHORT | ВРЕМЯ: 2025-07-23 22:08:49
================================================================================
```json
{"coin": "HNTUSDT", "direction": "short", "entry_price": 3.478, "stop_loss": 3.518, "take_profit": 3.398, "leverage": "3x"}
```

================================================================================
ПАРА: MVLUSDT | СИГНАЛ: SHORT | ВРЕМЯ: 2025-07-23 22:09:00
================================================================================
```json
{"coin": "MVLUSDT", "direction": "short", "entry_price": 0.003484, "stop_loss": 0.003514, "take_profit": 0.003434, "leverage": "5x"}
```

================================================================================
ПАРА: ROAMUSDT | СИГНАЛ: SHORT | ВРЕМЯ: 2025-07-23 22:09:13
================================================================================
```json
{"coin": "ROAMUSDT", "direction": "short", "entry_price": 0.099500, "stop_loss": 0.100445, "take_profit": 0.098000, "leverage": "5x"}
```

================================================================================
ПАРА: SKYAIUSDT | СИГНАЛ: SHORT | ВРЕМЯ: 2025-07-23 22:09:26
================================================================================
```json
{"coin": "SKYAIUSDT", "direction": "short", "entry_price": 0.06682, "stop_loss": 0.06715, "take_profit": 0.06620, "leverage": "3x"}
```

================================================================================
ПАРА: SOLOUSDT | СИГНАЛ: SHORT | ВРЕМЯ: 2025-07-23 22:09:40
================================================================================
```json
{"coin": "SOLOUSDT", "direction": "short", "entry_price": 0.4607, "stop_loss": 0.4625, "take_profit": 0.4580, "leverage": "5x"}
```

================================================================================
ПАРА: BROCCOLIUSDT | СИГНАЛ: LONG | ВРЕМЯ: 2025-07-23 22:38:07
================================================================================
```json
{"coin": null}
```

================================================================================
ПАРА: BROCCOLIUSDT | СИГНАЛ: LONG | ВРЕМЯ: 2025-07-23 22:39:46
================================================================================
```json
{"coin": "BROCCOLIUSDT", "direction": "long", "entry_price": 0.050380, "stop_loss": 0.050000, "take_profit": 0.051000, "leverage": "5x"}
```

================================================================================
ПАРА: FUSDT | СИГНАЛ: LONG | ВРЕМЯ: 2025-07-23 22:39:58
================================================================================
```json
{"coin": "FUSDT", "direction": "long", "entry_price": 0.00947, "stop_loss": 0.00941, "take_profit": 0.00953, "leverage": "5x"}
```
