
================================================================================
ПАРА: BNBUSDT
ВРЕМЯ: 2025-09-06 11:53:28
МЕТОД: Инструкция (15m+5m)
АНАЛИЗ:
```json
{
  "analysis": "Сигнал LONG по паттерну MOMENTUM_BREAKOUT: цена выше EMA20 (857.31), MACD гистограмма положительная (0.252), объем значительно выше среднего (304.76 vs 173.56). 15m тренд восходящий, последняя свеча закрылась бычьей с подтверждением объема. ATR достаточен для скальпинга.",
  "signal": "LONG",
  "confidence": 85,
  "pattern_used": "MOMENTUM_BREAKOUT",
  "entry_price": 858.7,
  "stop_loss": 856.8,
  "take_profit": 861.5,
  "risk_reward_ratio": 1.47,
  "position_size_percent": 2.5,
  "max_hold_time": "30 minutes",
  "validation_checklist": {
    "higher_tf_trend_aligned": true,
    "candle_closed_correctly": true,
    "volume_confirmed": true,
    "atr_sufficient": true,
    "candle_pattern_aligned": true,
    "score": "5/5"
  },
  "key_levels": {
    "support": [856.1, 855.6],
    "resistance": [859.2, 860.0]
  },
  "execution_notes": "Вход на текущей цене 858.7. Стоп-лосс ниже минимума последних 8 свечей (856.8). Тейк-профит на уровне сопротивления 861.5. Контролировать объем - при снижении ниже SMA(20) рассмотреть досрочный выход. Максимальное время удержания - 30 минут."
}
```
================================================================================
