2025-09-10 15:01:03,692 - INFO - ================================================================================
2025-09-10 15:01:03,692 - INFO - СКАЛЬПИНГОВЫЙ БОТ СОГЛАСНО ИНСТРУКЦИИ
2025-09-10 15:01:03,692 - INFO - 15m контекст + 5m точный вход
2025-09-10 15:01:03,692 - INFO - EMA(5/8/20), RSI(9), MACD(12,26,9), ATR(14), Bollinger(20,2.0)
2025-09-10 15:01:03,692 - INFO - Шаблоны: Momentum, Pullback, Squeeze, Range scalp
2025-09-10 15:01:03,692 - INFO - ================================================================================
2025-09-10 15:01:03,703 - INFO - СКАЛЬПИНГОВЫЙ БОТ ПО ИНСТРУКЦИИ - ЗАПУСК
2025-09-10 15:01:03,703 - INFO - Метод: 15m контекст + 5m точный вход
2025-09-10 15:01:03,703 - INFO - Индикаторы: EMA(5/8/20), RSI(9), MACD(12,26,9), ATR(14), Bollinger(20,2.0)
2025-09-10 15:01:03,704 - INFO - Анализатор по инструкции запущен (15m+5m)
2025-09-10 15:01:03,704 - INFO - ЭТАП 1: Сканирование с фильтрами по инструкции
2025-09-10 15:01:04,321 - INFO - Найдено 404 активных USDT пар
2025-09-10 15:01:04,322 - INFO - Сканируем 404 пар (15m контекст + 5m вход)
2025-09-10 15:01:05,552 - INFO - Обработано: 40/404
2025-09-10 15:01:06,896 - INFO - Обработано: 80/404
2025-09-10 15:01:08,570 - INFO - Обработано: 120/404
2025-09-10 15:01:10,601 - INFO - Обработано: 160/404
2025-09-10 15:01:12,427 - INFO - Обработано: 200/404
2025-09-10 15:01:14,101 - INFO - Обработано: 240/404
2025-09-10 15:01:15,802 - INFO - Обработано: 280/404
2025-09-10 15:01:18,297 - INFO - Обработано: 320/404
2025-09-10 15:01:20,153 - INFO - Обработано: 360/404
2025-09-10 15:01:21,558 - INFO - Обработано: 400/404
2025-09-10 15:01:22,404 - INFO - Обработано: 404/404
2025-09-10 15:01:22,412 - INFO - ЭТАП 1: 0 сигналов за 18.71сек
2025-09-10 15:01:22,412 - INFO - Сигналы согласно инструкции не найдены
2025-09-10 15:01:22,416 - INFO - Работа завершена
2025-09-10 19:50:36,124 - INFO - ================================================================================
2025-09-10 19:50:36,124 - INFO - СКАЛЬПИНГОВЫЙ БОТ СОГЛАСНО ИНСТРУКЦИИ
2025-09-10 19:50:36,124 - INFO - 15m контекст + 5m точный вход
2025-09-10 19:50:36,124 - INFO - EMA(5/8/20), RSI(9), MACD(12,26,9), ATR(14), Bollinger(20,2.0)
2025-09-10 19:50:36,124 - INFO - Шаблоны: Momentum, Pullback, Squeeze, Range scalp
2025-09-10 19:50:36,124 - INFO - ================================================================================
2025-09-10 19:50:36,126 - INFO - СКАЛЬПИНГОВЫЙ БОТ ПО ИНСТРУКЦИИ - ЗАПУСК
2025-09-10 19:50:36,126 - INFO - Метод: 15m контекст + 5m точный вход
2025-09-10 19:50:36,126 - INFO - Индикаторы: EMA(5/8/20), RSI(9), MACD(12,26,9), ATR(14), Bollinger(20,2.0)
2025-09-10 19:50:36,126 - INFO - Анализатор по инструкции запущен (15m+5m)
2025-09-10 19:50:36,126 - INFO - ЭТАП 1: Сканирование с фильтрами по инструкции
2025-09-10 19:50:36,781 - INFO - Найдено 404 активных USDT пар
2025-09-10 19:50:36,782 - INFO - Сканируем 404 пар (15m контекст + 5m вход)
2025-09-10 19:50:37,968 - INFO - Обработано: 40/404
2025-09-10 19:50:39,227 - INFO - Обработано: 80/404
2025-09-10 19:50:40,676 - INFO - Обработано: 120/404
2025-09-10 19:50:42,041 - INFO - Обработано: 160/404
2025-09-10 19:50:43,410 - INFO - Обработано: 200/404
2025-09-10 19:50:44,897 - INFO - Обработано: 240/404
2025-09-10 19:50:46,236 - INFO - Обработано: 280/404
2025-09-10 19:50:47,773 - INFO - Обработано: 320/404
2025-09-10 19:50:49,131 - INFO - Обработано: 360/404
2025-09-10 19:50:50,604 - INFO - Обработано: 400/404
2025-09-10 19:50:51,434 - INFO - Обработано: 404/404
2025-09-10 19:50:51,434 - INFO - ЭТАП 1: 0 сигналов за 15.31сек
2025-09-10 19:50:51,434 - INFO - Сигналы согласно инструкции не найдены
2025-09-10 19:50:51,437 - INFO - Работа завершена
2025-09-11 12:41:43,715 - INFO - ================================================================================
2025-09-11 12:41:43,716 - INFO - СКАЛЬПИНГОВЫЙ БОТ СОГЛАСНО ИНСТРУКЦИИ
2025-09-11 12:41:43,716 - INFO - 15m контекст + 5m точный вход
2025-09-11 12:41:43,716 - INFO - EMA(5/8/20), RSI(9), MACD(12,26,9), ATR(14), Bollinger(20,2.0)
2025-09-11 12:41:43,717 - INFO - Шаблоны: Momentum, Pullback, Squeeze, Range scalp
2025-09-11 12:41:43,717 - INFO - ================================================================================
2025-09-11 12:41:43,719 - INFO - СКАЛЬПИНГОВЫЙ БОТ ПО ИНСТРУКЦИИ - ЗАПУСК
2025-09-11 12:41:43,719 - INFO - Метод: 15m контекст + 5m точный вход
2025-09-11 12:41:43,721 - INFO - Индикаторы: EMA(5/8/20), RSI(9), MACD(12,26,9), ATR(14), Bollinger(20,2.0)
2025-09-11 12:41:43,721 - INFO - Анализатор по инструкции запущен (15m+5m)
2025-09-11 12:41:43,724 - INFO - ЭТАП 1: Сканирование с фильтрами по инструкции
2025-09-11 12:41:44,683 - INFO - Найдено 404 активных USDT пар
2025-09-11 12:41:44,684 - INFO - Сканируем 404 пар (15m контекст + 5m вход)
2025-09-11 12:41:46,600 - INFO - Обработано: 40/404
2025-09-11 12:41:48,642 - INFO - Обработано: 80/404
2025-09-11 12:41:50,357 - INFO - Обработано: 120/404
2025-09-11 12:41:52,061 - INFO - Обработано: 160/404
2025-09-11 12:41:54,134 - INFO - Обработано: 200/404
2025-09-11 12:41:54,815 - ERROR - Сетевая ошибка для HOMEUSDT: Cannot connect to host api.bybit.com:443 ssl:default [Сетевая папка недоступна. За информацией о разрешении проблем в сети обратитесь к справочной системе Windows]
2025-09-11 12:41:54,815 - ERROR - Ошибка сканирования HOMEUSDT: Network error for HOMEUSDT: Cannot connect to host api.bybit.com:443 ssl:default [Сетевая папка недоступна. За информацией о разрешении проблем в сети обратитесь к справочной системе Windows]
2025-09-11 12:41:54,815 - ERROR - Сетевая ошибка для HIVEUSDT: Cannot connect to host api.bybit.com:443 ssl:default [Сетевая папка недоступна. За информацией о разрешении проблем в сети обратитесь к справочной системе Windows]
2025-09-11 12:41:54,815 - ERROR - Ошибка сканирования HIVEUSDT: Network error for HIVEUSDT: Cannot connect to host api.bybit.com:443 ssl:default [Сетевая папка недоступна. За информацией о разрешении проблем в сети обратитесь к справочной системе Windows]
2025-09-11 12:41:54,815 - ERROR - Сетевая ошибка для HOOKUSDT: Cannot connect to host api.bybit.com:443 ssl:default [Сетевая папка недоступна. За информацией о разрешении проблем в сети обратитесь к справочной системе Windows]
2025-09-11 12:41:54,816 - ERROR - Ошибка сканирования HOOKUSDT: Network error for HOOKUSDT: Cannot connect to host api.bybit.com:443 ssl:default [Сетевая папка недоступна. За информацией о разрешении проблем в сети обратитесь к справочной системе Windows]
2025-09-11 12:41:54,816 - ERROR - Сетевая ошибка для JELLYJELLYUSDT: Cannot connect to host api.bybit.com:443 ssl:default [Сетевая папка недоступна. За информацией о разрешении проблем в сети обратитесь к справочной системе Windows]
2025-09-11 12:41:54,816 - ERROR - Ошибка сканирования JELLYJELLYUSDT: Network error for JELLYJELLYUSDT: Cannot connect to host api.bybit.com:443 ssl:default [Сетевая папка недоступна. За информацией о разрешении проблем в сети обратитесь к справочной системе Windows]
2025-09-11 12:41:54,816 - ERROR - Сетевая ошибка для INJUSDT: Cannot connect to host api.bybit.com:443 ssl:default [Сетевая папка недоступна. За информацией о разрешении проблем в сети обратитесь к справочной системе Windows]
2025-09-11 12:41:54,817 - ERROR - Ошибка сканирования INJUSDT: Network error for INJUSDT: Cannot connect to host api.bybit.com:443 ssl:default [Сетевая папка недоступна. За информацией о разрешении проблем в сети обратитесь к справочной системе Windows]
2025-09-11 12:41:54,817 - ERROR - Сетевая ошибка для IPUSDT: Cannot connect to host api.bybit.com:443 ssl:default [Сетевая папка недоступна. За информацией о разрешении проблем в сети обратитесь к справочной системе Windows]
2025-09-11 12:41:54,817 - ERROR - Ошибка сканирования IPUSDT: Network error for IPUSDT: Cannot connect to host api.bybit.com:443 ssl:default [Сетевая папка недоступна. За информацией о разрешении проблем в сети обратитесь к справочной системе Windows]
2025-09-11 12:41:54,818 - ERROR - Сетевая ошибка для HUSDT: Cannot connect to host api.bybit.com:443 ssl:default [Сетевая папка недоступна. За информацией о разрешении проблем в сети обратитесь к справочной системе Windows]
2025-09-11 12:41:54,819 - ERROR - Ошибка сканирования HUSDT: Network error for HUSDT: Cannot connect to host api.bybit.com:443 ssl:default [Сетевая папка недоступна. За информацией о разрешении проблем в сети обратитесь к справочной системе Windows]
2025-09-11 12:41:54,819 - ERROR - Сетевая ошибка для JOEUSDT: Cannot connect to host api.bybit.com:443 ssl:default [Сетевая папка недоступна. За информацией о разрешении проблем в сети обратитесь к справочной системе Windows]
2025-09-11 12:41:54,819 - ERROR - Ошибка сканирования JOEUSDT: Network error for JOEUSDT: Cannot connect to host api.bybit.com:443 ssl:default [Сетевая папка недоступна. За информацией о разрешении проблем в сети обратитесь к справочной системе Windows]
2025-09-11 12:41:54,819 - ERROR - Сетевая ошибка для IMXUSDT: Cannot connect to host api.bybit.com:443 ssl:default [Сетевая папка недоступна. За информацией о разрешении проблем в сети обратитесь к справочной системе Windows]
2025-09-11 12:41:54,819 - ERROR - Ошибка сканирования IMXUSDT: Network error for IMXUSDT: Cannot connect to host api.bybit.com:443 ssl:default [Сетевая папка недоступна. За информацией о разрешении проблем в сети обратитесь к справочной системе Windows]
2025-09-11 12:41:54,820 - ERROR - Сетевая ошибка для ILVUSDT: Cannot connect to host api.bybit.com:443 ssl:default [Сетевая папка недоступна. За информацией о разрешении проблем в сети обратитесь к справочной системе Windows]
2025-09-11 12:41:54,820 - ERROR - Ошибка сканирования ILVUSDT: Network error for ILVUSDT: Cannot connect to host api.bybit.com:443 ssl:default [Сетевая папка недоступна. За информацией о разрешении проблем в сети обратитесь к справочной системе Windows]
2025-09-11 12:41:54,820 - ERROR - Сетевая ошибка для ICXUSDT: Cannot connect to host api.bybit.com:443 ssl:default [Сетевая папка недоступна. За информацией о разрешении проблем в сети обратитесь к справочной системе Windows]
2025-09-11 12:41:54,822 - ERROR - Ошибка сканирования ICXUSDT: Network error for ICXUSDT: Cannot connect to host api.bybit.com:443 ssl:default [Сетевая папка недоступна. За информацией о разрешении проблем в сети обратитесь к справочной системе Windows]
2025-09-11 12:41:54,822 - ERROR - Сетевая ошибка для ICNTUSDT: Cannot connect to host api.bybit.com:443 ssl:default [Сетевая папка недоступна. За информацией о разрешении проблем в сети обратитесь к справочной системе Windows]
2025-09-11 12:41:54,822 - ERROR - Ошибка сканирования ICNTUSDT: Network error for ICNTUSDT: Cannot connect to host api.bybit.com:443 ssl:default [Сетевая папка недоступна. За информацией о разрешении проблем в сети обратитесь к справочной системе Windows]
2025-09-11 12:41:54,822 - ERROR - Сетевая ошибка для JASMYUSDT: Cannot connect to host api.bybit.com:443 ssl:default [Сетевая папка недоступна. За информацией о разрешении проблем в сети обратитесь к справочной системе Windows]
2025-09-11 12:41:54,822 - ERROR - Ошибка сканирования JASMYUSDT: Network error for JASMYUSDT: Cannot connect to host api.bybit.com:443 ssl:default [Сетевая папка недоступна. За информацией о разрешении проблем в сети обратитесь к справочной системе Windows]
2025-09-11 12:41:54,822 - ERROR - Сетевая ошибка для JTOUSDT: Cannot connect to host api.bybit.com:443 ssl:default [Сетевая папка недоступна. За информацией о разрешении проблем в сети обратитесь к справочной системе Windows]
2025-09-11 12:41:54,822 - ERROR - Ошибка сканирования JTOUSDT: Network error for JTOUSDT: Cannot connect to host api.bybit.com:443 ssl:default [Сетевая папка недоступна. За информацией о разрешении проблем в сети обратитесь к справочной системе Windows]
2025-09-11 12:41:54,822 - ERROR - Сетевая ошибка для IOSTUSDT: Cannot connect to host api.bybit.com:443 ssl:default [Сетевая папка недоступна. За информацией о разрешении проблем в сети обратитесь к справочной системе Windows]
2025-09-11 12:41:54,824 - ERROR - Ошибка сканирования IOSTUSDT: Network error for IOSTUSDT: Cannot connect to host api.bybit.com:443 ssl:default [Сетевая папка недоступна. За информацией о разрешении проблем в сети обратитесь к справочной системе Windows]
2025-09-11 12:41:54,824 - ERROR - Сетевая ошибка для HFTUSDT: Cannot connect to host api.bybit.com:443 ssl:default [Сетевая папка недоступна. За информацией о разрешении проблем в сети обратитесь к справочной системе Windows]
2025-09-11 12:41:54,824 - ERROR - Ошибка сканирования HFTUSDT: Network error for HFTUSDT: Cannot connect to host api.bybit.com:443 ssl:default [Сетевая папка недоступна. За информацией о разрешении проблем в сети обратитесь к справочной системе Windows]
2025-09-11 12:41:54,824 - ERROR - Сетевая ошибка для ICPUSDT: Cannot connect to host api.bybit.com:443 ssl:default [Сетевая папка недоступна. За информацией о разрешении проблем в сети обратитесь к справочной системе Windows]
2025-09-11 12:41:54,824 - ERROR - Ошибка сканирования ICPUSDT: Network error for ICPUSDT: Cannot connect to host api.bybit.com:443 ssl:default [Сетевая папка недоступна. За информацией о разрешении проблем в сети обратитесь к справочной системе Windows]
2025-09-11 12:41:54,824 - ERROR - Сетевая ошибка для JSTUSDT: Cannot connect to host api.bybit.com:443 ssl:default [Сетевая папка недоступна. За информацией о разрешении проблем в сети обратитесь к справочной системе Windows]
2025-09-11 12:41:54,825 - ERROR - Ошибка сканирования JSTUSDT: Network error for JSTUSDT: Cannot connect to host api.bybit.com:443 ssl:default [Сетевая папка недоступна. За информацией о разрешении проблем в сети обратитесь к справочной системе Windows]
2025-09-11 12:41:54,825 - ERROR - Сетевая ошибка для KAITOUSDT: Cannot connect to host api.bybit.com:443 ssl:default [Сетевая папка недоступна. За информацией о разрешении проблем в сети обратитесь к справочной системе Windows]
2025-09-11 12:41:54,825 - ERROR - Ошибка сканирования KAITOUSDT: Network error for KAITOUSDT: Cannot connect to host api.bybit.com:443 ssl:default [Сетевая папка недоступна. За информацией о разрешении проблем в сети обратитесь к справочной системе Windows]
2025-09-11 12:41:54,825 - ERROR - Сетевая ошибка для HEIUSDT: Cannot connect to host api.bybit.com:443 ssl:default [Сетевая папка недоступна. За информацией о разрешении проблем в сети обратитесь к справочной системе Windows]
2025-09-11 12:41:54,825 - ERROR - Ошибка сканирования HEIUSDT: Network error for HEIUSDT: Cannot connect to host api.bybit.com:443 ssl:default [Сетевая папка недоступна. За информацией о разрешении проблем в сети обратитесь к справочной системе Windows]
2025-09-11 12:41:54,825 - ERROR - Сетевая ошибка для IOTAUSDT: Cannot connect to host api.bybit.com:443 ssl:default [Сетевая папка недоступна. За информацией о разрешении проблем в сети обратитесь к справочной системе Windows]
2025-09-11 12:41:54,825 - ERROR - Ошибка сканирования IOTAUSDT: Network error for IOTAUSDT: Cannot connect to host api.bybit.com:443 ssl:default [Сетевая папка недоступна. За информацией о разрешении проблем в сети обратитесь к справочной системе Windows]
2025-09-11 12:41:54,826 - ERROR - Сетевая ошибка для INUSDT: Cannot connect to host api.bybit.com:443 ssl:default [Сетевая папка недоступна. За информацией о разрешении проблем в сети обратитесь к справочной системе Windows]
2025-09-11 12:41:54,826 - ERROR - Ошибка сканирования INUSDT: Network error for INUSDT: Cannot connect to host api.bybit.com:443 ssl:default [Сетевая папка недоступна. За информацией о разрешении проблем в сети обратитесь к справочной системе Windows]
2025-09-11 12:41:54,826 - ERROR - Сетевая ошибка для HIFIUSDT: Cannot connect to host api.bybit.com:443 ssl:default [Сетевая папка недоступна. За информацией о разрешении проблем в сети обратитесь к справочной системе Windows]
2025-09-11 12:41:54,826 - ERROR - Ошибка сканирования HIFIUSDT: Network error for HIFIUSDT: Cannot connect to host api.bybit.com:443 ssl:default [Сетевая папка недоступна. За информацией о разрешении проблем в сети обратитесь к справочной системе Windows]
2025-09-11 12:41:54,826 - ERROR - Сетевая ошибка для JUPUSDT: Cannot connect to host api.bybit.com:443 ssl:default [Сетевая папка недоступна. За информацией о разрешении проблем в сети обратитесь к справочной системе Windows]
2025-09-11 12:41:54,826 - ERROR - Ошибка сканирования JUPUSDT: Network error for JUPUSDT: Cannot connect to host api.bybit.com:443 ssl:default [Сетевая папка недоступна. За информацией о разрешении проблем в сети обратитесь к справочной системе Windows]
2025-09-11 12:41:54,827 - ERROR - Сетевая ошибка для HMSTRUSDT: Cannot connect to host api.bybit.com:443 ssl:default [Сетевая папка недоступна. За информацией о разрешении проблем в сети обратитесь к справочной системе Windows]
2025-09-11 12:41:54,827 - ERROR - Ошибка сканирования HMSTRUSDT: Network error for HMSTRUSDT: Cannot connect to host api.bybit.com:443 ssl:default [Сетевая папка недоступна. За информацией о разрешении проблем в сети обратитесь к справочной системе Windows]
2025-09-11 12:41:54,827 - ERROR - Сетевая ошибка для HYPEUSDT: Cannot connect to host api.bybit.com:443 ssl:default [Сетевая папка недоступна. За информацией о разрешении проблем в сети обратитесь к справочной системе Windows]
2025-09-11 12:41:54,827 - ERROR - Ошибка сканирования HYPEUSDT: Network error for HYPEUSDT: Cannot connect to host api.bybit.com:443 ssl:default [Сетевая папка недоступна. За информацией о разрешении проблем в сети обратитесь к справочной системе Windows]
2025-09-11 12:41:54,827 - ERROR - Сетевая ошибка для HYPERUSDT: Cannot connect to host api.bybit.com:443 ssl:default [Сетевая папка недоступна. За информацией о разрешении проблем в сети обратитесь к справочной системе Windows]
2025-09-11 12:41:54,827 - ERROR - Ошибка сканирования HYPERUSDT: Network error for HYPERUSDT: Cannot connect to host api.bybit.com:443 ssl:default [Сетевая папка недоступна. За информацией о разрешении проблем в сети обратитесь к справочной системе Windows]
2025-09-11 12:41:54,827 - ERROR - Сетевая ошибка для KAIAUSDT: Cannot connect to host api.bybit.com:443 ssl:default [Сетевая папка недоступна. За информацией о разрешении проблем в сети обратитесь к справочной системе Windows]
2025-09-11 12:41:54,828 - ERROR - Ошибка сканирования KAIAUSDT: Network error for KAIAUSDT: Cannot connect to host api.bybit.com:443 ssl:default [Сетевая папка недоступна. За информацией о разрешении проблем в сети обратитесь к справочной системе Windows]
2025-09-11 12:41:54,828 - ERROR - Сетевая ошибка для HNTUSDT: Cannot connect to host api.bybit.com:443 ssl:default [Сетевая папка недоступна. За информацией о разрешении проблем в сети обратитесь к справочной системе Windows]
2025-09-11 12:41:54,828 - ERROR - Ошибка сканирования HNTUSDT: Network error for HNTUSDT: Cannot connect to host api.bybit.com:443 ssl:default [Сетевая папка недоступна. За информацией о разрешении проблем в сети обратитесь к справочной системе Windows]
2025-09-11 12:41:54,828 - ERROR - Сетевая ошибка для JUSDT: Cannot connect to host api.bybit.com:443 ssl:default [Сетевая папка недоступна. За информацией о разрешении проблем в сети обратитесь к справочной системе Windows]
2025-09-11 12:41:54,828 - ERROR - Ошибка сканирования JUSDT: Network error for JUSDT: Cannot connect to host api.bybit.com:443 ssl:default [Сетевая папка недоступна. За информацией о разрешении проблем в сети обратитесь к справочной системе Windows]
2025-09-11 12:41:54,828 - ERROR - Сетевая ошибка для HIPPOUSDT: Cannot connect to host api.bybit.com:443 ssl:default [Сетевая папка недоступна. За информацией о разрешении проблем в сети обратитесь к справочной системе Windows]
2025-09-11 12:41:54,828 - ERROR - Ошибка сканирования HIPPOUSDT: Network error for HIPPOUSDT: Cannot connect to host api.bybit.com:443 ssl:default [Сетевая папка недоступна. За информацией о разрешении проблем в сети обратитесь к справочной системе Windows]
2025-09-11 12:41:54,829 - ERROR - Сетевая ошибка для HIGHUSDT: Cannot connect to host api.bybit.com:443 ssl:default [Сетевая папка недоступна. За информацией о разрешении проблем в сети обратитесь к справочной системе Windows]
2025-09-11 12:41:54,829 - ERROR - Ошибка сканирования HIGHUSDT: Network error for HIGHUSDT: Cannot connect to host api.bybit.com:443 ssl:default [Сетевая папка недоступна. За информацией о разрешении проблем в сети обратитесь к справочной системе Windows]
2025-09-11 12:41:54,829 - ERROR - Сетевая ошибка для INITUSDT: Cannot connect to host api.bybit.com:443 ssl:default [Сетевая папка недоступна. За информацией о разрешении проблем в сети обратитесь к справочной системе Windows]
2025-09-11 12:41:54,829 - ERROR - Ошибка сканирования INITUSDT: Network error for INITUSDT: Cannot connect to host api.bybit.com:443 ssl:default [Сетевая папка недоступна. За информацией о разрешении проблем в сети обратитесь к справочной системе Windows]
2025-09-11 12:41:54,829 - ERROR - Сетевая ошибка для IDUSDT: Cannot connect to host api.bybit.com:443 ssl:default [Сетевая папка недоступна. За информацией о разрешении проблем в сети обратитесь к справочной системе Windows]
2025-09-11 12:41:54,829 - ERROR - Ошибка сканирования IDUSDT: Network error for IDUSDT: Cannot connect to host api.bybit.com:443 ssl:default [Сетевая папка недоступна. За информацией о разрешении проблем в сети обратитесь к справочной системе Windows]
2025-09-11 12:41:54,829 - ERROR - Сетевая ошибка для HUMAUSDT: Cannot connect to host api.bybit.com:443 ssl:default [Сетевая папка недоступна. За информацией о разрешении проблем в сети обратитесь к справочной системе Windows]
2025-09-11 12:41:54,830 - ERROR - Ошибка сканирования HUMAUSDT: Network error for HUMAUSDT: Cannot connect to host api.bybit.com:443 ssl:default [Сетевая папка недоступна. За информацией о разрешении проблем в сети обратитесь к справочной системе Windows]
2025-09-11 12:41:54,830 - ERROR - Сетевая ошибка для HOTUSDT: Cannot connect to host api.bybit.com:443 ssl:default [Сетевая папка недоступна. За информацией о разрешении проблем в сети обратитесь к справочной системе Windows]
2025-09-11 12:41:54,830 - ERROR - Ошибка сканирования HOTUSDT: Network error for HOTUSDT: Cannot connect to host api.bybit.com:443 ssl:default [Сетевая папка недоступна. За информацией о разрешении проблем в сети обратитесь к справочной системе Windows]
2025-09-11 12:41:54,830 - ERROR - Сетевая ошибка для IOTXUSDT: Cannot connect to host api.bybit.com:443 ssl:default [Сетевая папка недоступна. За информацией о разрешении проблем в сети обратитесь к справочной системе Windows]
2025-09-11 12:41:54,830 - ERROR - Ошибка сканирования IOTXUSDT: Network error for IOTXUSDT: Cannot connect to host api.bybit.com:443 ssl:default [Сетевая папка недоступна. За информацией о разрешении проблем в сети обратитесь к справочной системе Windows]
2025-09-11 12:41:54,830 - ERROR - Сетевая ошибка для KASUSDT: Cannot connect to host api.bybit.com:443 ssl:default [Сетевая папка недоступна. За информацией о разрешении проблем в сети обратитесь к справочной системе Windows]
2025-09-11 12:41:54,830 - ERROR - Ошибка сканирования KASUSDT: Network error for KASUSDT: Cannot connect to host api.bybit.com:443 ssl:default [Сетевая папка недоступна. За информацией о разрешении проблем в сети обратитесь к справочной системе Windows]
2025-09-11 12:41:54,830 - ERROR - Сетевая ошибка для IDEXUSDT: Cannot connect to host api.bybit.com:443 ssl:default [Сетевая папка недоступна. За информацией о разрешении проблем в сети обратитесь к справочной системе Windows]
2025-09-11 12:41:54,830 - ERROR - Ошибка сканирования IDEXUSDT: Network error for IDEXUSDT: Cannot connect to host api.bybit.com:443 ssl:default [Сетевая папка недоступна. За информацией о разрешении проблем в сети обратитесь к справочной системе Windows]
2025-09-11 12:41:54,831 - ERROR - Сетевая ошибка для IOUSDT: Cannot connect to host api.bybit.com:443 ssl:default [Сетевая папка недоступна. За информацией о разрешении проблем в сети обратитесь к справочной системе Windows]
2025-09-11 12:41:54,831 - ERROR - Ошибка сканирования IOUSDT: Network error for IOUSDT: Cannot connect to host api.bybit.com:443 ssl:default [Сетевая папка недоступна. За информацией о разрешении проблем в сети обратитесь к справочной системе Windows]
2025-09-11 12:41:54,831 - INFO - Обработано: 240/404
2025-09-11 12:41:54,952 - ERROR - Сетевая ошибка для KDAUSDT: Cannot connect to host api.bybit.com:443 ssl:default [getaddrinfo failed]
2025-09-11 12:41:54,953 - ERROR - Ошибка сканирования KDAUSDT: Network error for KDAUSDT: Cannot connect to host api.bybit.com:443 ssl:default [getaddrinfo failed]
2025-09-11 12:41:54,954 - ERROR - Сетевая ошибка для KERNELUSDT: Cannot connect to host api.bybit.com:443 ssl:default [getaddrinfo failed]
2025-09-11 12:41:54,954 - ERROR - Ошибка сканирования KERNELUSDT: Network error for KERNELUSDT: Cannot connect to host api.bybit.com:443 ssl:default [getaddrinfo failed]
2025-09-11 12:41:54,955 - ERROR - Сетевая ошибка для KMNOUSDT: Cannot connect to host api.bybit.com:443 ssl:default [getaddrinfo failed]
2025-09-11 12:41:54,955 - ERROR - Ошибка сканирования KMNOUSDT: Network error for KMNOUSDT: Cannot connect to host api.bybit.com:443 ssl:default [getaddrinfo failed]
2025-09-11 12:41:54,957 - ERROR - Сетевая ошибка для KSMUSDT: Cannot connect to host api.bybit.com:443 ssl:default [getaddrinfo failed]
2025-09-11 12:41:54,958 - ERROR - Ошибка сканирования KSMUSDT: Network error for KSMUSDT: Cannot connect to host api.bybit.com:443 ssl:default [getaddrinfo failed]
2025-09-11 12:41:54,961 - ERROR - Сетевая ошибка для KNCUSDT: Cannot connect to host api.bybit.com:443 ssl:default [getaddrinfo failed]
2025-09-11 12:41:54,961 - ERROR - Ошибка сканирования KNCUSDT: Network error for KNCUSDT: Cannot connect to host api.bybit.com:443 ssl:default [getaddrinfo failed]
2025-09-11 12:41:54,962 - ERROR - Сетевая ошибка для KAVAUSDT: Cannot connect to host api.bybit.com:443 ssl:default [getaddrinfo failed]
2025-09-11 12:41:54,962 - ERROR - Ошибка сканирования KAVAUSDT: Network error for KAVAUSDT: Cannot connect to host api.bybit.com:443 ssl:default [getaddrinfo failed]
2025-09-11 12:41:54,962 - ERROR - Сетевая ошибка для KUSDT: Cannot connect to host api.bybit.com:443 ssl:default [getaddrinfo failed]
2025-09-11 12:41:54,962 - ERROR - Ошибка сканирования KUSDT: Network error for KUSDT: Cannot connect to host api.bybit.com:443 ssl:default [getaddrinfo failed]
2025-09-11 12:41:54,962 - ERROR - Сетевая ошибка для LAUNCHCOINUSDT: Cannot connect to host api.bybit.com:443 ssl:default [getaddrinfo failed]
2025-09-11 12:41:54,962 - ERROR - Ошибка сканирования LAUNCHCOINUSDT: Network error for LAUNCHCOINUSDT: Cannot connect to host api.bybit.com:443 ssl:default [getaddrinfo failed]
2025-09-11 12:41:54,963 - ERROR - Сетевая ошибка для LISTAUSDT: Cannot connect to host api.bybit.com:443 ssl:default [getaddrinfo failed]
2025-09-11 12:41:54,963 - ERROR - Ошибка сканирования LISTAUSDT: Network error for LISTAUSDT: Cannot connect to host api.bybit.com:443 ssl:default [getaddrinfo failed]
2025-09-11 12:41:54,963 - ERROR - Сетевая ошибка для LOOKSUSDT: Cannot connect to host api.bybit.com:443 ssl:default [getaddrinfo failed]
2025-09-11 12:41:54,963 - ERROR - Ошибка сканирования LOOKSUSDT: Network error for LOOKSUSDT: Cannot connect to host api.bybit.com:443 ssl:default [getaddrinfo failed]
2025-09-11 12:41:54,963 - ERROR - Сетевая ошибка для LAUSDT: Cannot connect to host api.bybit.com:443 ssl:default [getaddrinfo failed]
2025-09-11 12:41:54,963 - ERROR - Ошибка сканирования LAUSDT: Network error for LAUSDT: Cannot connect to host api.bybit.com:443 ssl:default [getaddrinfo failed]
2025-09-11 12:41:54,963 - ERROR - Сетевая ошибка для LINKUSDT: Cannot connect to host api.bybit.com:443 ssl:default [getaddrinfo failed]
2025-09-11 12:41:54,963 - ERROR - Ошибка сканирования LINKUSDT: Network error for LINKUSDT: Cannot connect to host api.bybit.com:443 ssl:default [getaddrinfo failed]
2025-09-11 12:41:54,964 - ERROR - Сетевая ошибка для LPTUSDT: Cannot connect to host api.bybit.com:443 ssl:default [getaddrinfo failed]
2025-09-11 12:41:54,964 - ERROR - Ошибка сканирования LPTUSDT: Network error for LPTUSDT: Cannot connect to host api.bybit.com:443 ssl:default [getaddrinfo failed]
2025-09-11 12:41:54,964 - ERROR - Сетевая ошибка для LSKUSDT: Cannot connect to host api.bybit.com:443 ssl:default [getaddrinfo failed]
2025-09-11 12:41:54,964 - ERROR - Ошибка сканирования LSKUSDT: Network error for LSKUSDT: Cannot connect to host api.bybit.com:443 ssl:default [getaddrinfo failed]
2025-09-11 12:41:54,964 - ERROR - Сетевая ошибка для LINEAUSDT: Cannot connect to host api.bybit.com:443 ssl:default [getaddrinfo failed]
2025-09-11 12:41:54,964 - ERROR - Ошибка сканирования LINEAUSDT: Network error for LINEAUSDT: Cannot connect to host api.bybit.com:443 ssl:default [getaddrinfo failed]
2025-09-11 12:41:54,964 - ERROR - Сетевая ошибка для LRCUSDT: Cannot connect to host api.bybit.com:443 ssl:default [getaddrinfo failed]
2025-09-11 12:41:54,964 - ERROR - Ошибка сканирования LRCUSDT: Network error for LRCUSDT: Cannot connect to host api.bybit.com:443 ssl:default [getaddrinfo failed]
2025-09-11 12:41:54,964 - ERROR - Сетевая ошибка для LDOUSDT: Cannot connect to host api.bybit.com:443 ssl:default [getaddrinfo failed]
2025-09-11 12:41:54,965 - ERROR - Ошибка сканирования LDOUSDT: Network error for LDOUSDT: Cannot connect to host api.bybit.com:443 ssl:default [getaddrinfo failed]
2025-09-11 12:41:54,965 - ERROR - Сетевая ошибка для MAGICUSDT: Cannot connect to host api.bybit.com:443 ssl:default [getaddrinfo failed]
2025-09-11 12:41:54,965 - ERROR - Ошибка сканирования MAGICUSDT: Network error for MAGICUSDT: Cannot connect to host api.bybit.com:443 ssl:default [getaddrinfo failed]
2025-09-11 12:41:54,965 - ERROR - Сетевая ошибка для LTCUSDT: Cannot connect to host api.bybit.com:443 ssl:default [getaddrinfo failed]
2025-09-11 12:41:54,965 - ERROR - Ошибка сканирования LTCUSDT: Network error for LTCUSDT: Cannot connect to host api.bybit.com:443 ssl:default [getaddrinfo failed]
2025-09-11 12:41:54,965 - ERROR - Сетевая ошибка для MAJORUSDT: Cannot connect to host api.bybit.com:443 ssl:default [getaddrinfo failed]
2025-09-11 12:41:54,965 - ERROR - Ошибка сканирования MAJORUSDT: Network error for MAJORUSDT: Cannot connect to host api.bybit.com:443 ssl:default [getaddrinfo failed]
2025-09-11 12:41:54,967 - ERROR - Сетевая ошибка для MANTAUSDT: Cannot connect to host api.bybit.com:443 ssl:default [getaddrinfo failed]
2025-09-11 12:41:54,967 - ERROR - Ошибка сканирования MANTAUSDT: Network error for MANTAUSDT: Cannot connect to host api.bybit.com:443 ssl:default [getaddrinfo failed]
2025-09-11 12:41:54,968 - ERROR - Сетевая ошибка для MASKUSDT: Cannot connect to host api.bybit.com:443 ssl:default [getaddrinfo failed]
2025-09-11 12:41:54,968 - ERROR - Ошибка сканирования MASKUSDT: Network error for MASKUSDT: Cannot connect to host api.bybit.com:443 ssl:default [getaddrinfo failed]
2025-09-11 12:41:54,968 - ERROR - Сетевая ошибка для LQTYUSDT: Cannot connect to host api.bybit.com:443 ssl:default [getaddrinfo failed]
2025-09-11 12:41:54,968 - ERROR - Ошибка сканирования LQTYUSDT: Network error for LQTYUSDT: Cannot connect to host api.bybit.com:443 ssl:default [getaddrinfo failed]
2025-09-11 12:41:54,968 - ERROR - Сетевая ошибка для LUMIAUSDT: Cannot connect to host api.bybit.com:443 ssl:default [getaddrinfo failed]
2025-09-11 12:41:54,968 - ERROR - Ошибка сканирования LUMIAUSDT: Network error for LUMIAUSDT: Cannot connect to host api.bybit.com:443 ssl:default [getaddrinfo failed]
2025-09-11 12:41:54,969 - ERROR - Сетевая ошибка для MAVUSDT: Cannot connect to host api.bybit.com:443 ssl:default [getaddrinfo failed]
2025-09-11 12:41:54,969 - ERROR - Ошибка сканирования MAVUSDT: Network error for MAVUSDT: Cannot connect to host api.bybit.com:443 ssl:default [getaddrinfo failed]
2025-09-11 12:41:54,969 - ERROR - Сетевая ошибка для MELANIAUSDT: Cannot connect to host api.bybit.com:443 ssl:default [getaddrinfo failed]
2025-09-11 12:41:54,969 - ERROR - Ошибка сканирования MELANIAUSDT: Network error for MELANIAUSDT: Cannot connect to host api.bybit.com:443 ssl:default [getaddrinfo failed]
2025-09-11 12:41:54,969 - ERROR - Сетевая ошибка для MAVIAUSDT: Cannot connect to host api.bybit.com:443 ssl:default [getaddrinfo failed]
2025-09-11 12:41:54,969 - ERROR - Ошибка сканирования MAVIAUSDT: Network error for MAVIAUSDT: Cannot connect to host api.bybit.com:443 ssl:default [getaddrinfo failed]
2025-09-11 12:41:54,969 - ERROR - Сетевая ошибка для MBOXUSDT: Cannot connect to host api.bybit.com:443 ssl:default [getaddrinfo failed]
2025-09-11 12:41:54,970 - ERROR - Ошибка сканирования MBOXUSDT: Network error for MBOXUSDT: Cannot connect to host api.bybit.com:443 ssl:default [getaddrinfo failed]
2025-09-11 12:41:54,970 - ERROR - Сетевая ошибка для MEMEUSDT: Cannot connect to host api.bybit.com:443 ssl:default [getaddrinfo failed]
2025-09-11 12:41:54,970 - ERROR - Ошибка сканирования MEMEUSDT: Network error for MEMEUSDT: Cannot connect to host api.bybit.com:443 ssl:default [getaddrinfo failed]
2025-09-11 12:41:54,970 - ERROR - Сетевая ошибка для MILKUSDT: Cannot connect to host api.bybit.com:443 ssl:default [getaddrinfo failed]
2025-09-11 12:41:54,970 - ERROR - Ошибка сканирования MILKUSDT: Network error for MILKUSDT: Cannot connect to host api.bybit.com:443 ssl:default [getaddrinfo failed]
2025-09-11 12:41:54,970 - ERROR - Сетевая ошибка для METISUSDT: Cannot connect to host api.bybit.com:443 ssl:default [getaddrinfo failed]
2025-09-11 12:41:54,970 - ERROR - Ошибка сканирования METISUSDT: Network error for METISUSDT: Cannot connect to host api.bybit.com:443 ssl:default [getaddrinfo failed]
2025-09-11 12:41:54,970 - ERROR - Сетевая ошибка для MLNUSDT: Cannot connect to host api.bybit.com:443 ssl:default [getaddrinfo failed]
2025-09-11 12:41:54,970 - ERROR - Ошибка сканирования MLNUSDT: Network error for MLNUSDT: Cannot connect to host api.bybit.com:443 ssl:default [getaddrinfo failed]
2025-09-11 12:41:54,970 - ERROR - Сетевая ошибка для MASAUSDT: Cannot connect to host api.bybit.com:443 ssl:default [getaddrinfo failed]
2025-09-11 12:41:54,970 - ERROR - Ошибка сканирования MASAUSDT: Network error for MASAUSDT: Cannot connect to host api.bybit.com:443 ssl:default [getaddrinfo failed]
2025-09-11 12:41:54,970 - ERROR - Сетевая ошибка для MERLUSDT: Cannot connect to host api.bybit.com:443 ssl:default [getaddrinfo failed]
2025-09-11 12:41:54,971 - ERROR - Ошибка сканирования MERLUSDT: Network error for MERLUSDT: Cannot connect to host api.bybit.com:443 ssl:default [getaddrinfo failed]
2025-09-11 12:41:54,971 - ERROR - Сетевая ошибка для MITOUSDT: Cannot connect to host api.bybit.com:443 ssl:default [getaddrinfo failed]
2025-09-11 12:41:54,971 - ERROR - Ошибка сканирования MITOUSDT: Network error for MITOUSDT: Cannot connect to host api.bybit.com:443 ssl:default [getaddrinfo failed]
2025-09-11 12:41:54,971 - ERROR - Сетевая ошибка для MINAUSDT: Cannot connect to host api.bybit.com:443 ssl:default [getaddrinfo failed]
2025-09-11 12:41:54,971 - ERROR - Ошибка сканирования MINAUSDT: Network error for MINAUSDT: Cannot connect to host api.bybit.com:443 ssl:default [getaddrinfo failed]
2025-09-11 12:41:54,971 - ERROR - Сетевая ошибка для MANAUSDT: Cannot connect to host api.bybit.com:443 ssl:default [getaddrinfo failed]
2025-09-11 12:41:54,971 - ERROR - Ошибка сканирования MANAUSDT: Network error for MANAUSDT: Cannot connect to host api.bybit.com:443 ssl:default [getaddrinfo failed]
2025-09-11 12:41:54,972 - ERROR - Сетевая ошибка для MEWUSDT: Cannot connect to host api.bybit.com:443 ssl:default [getaddrinfo failed]
2025-09-11 12:41:54,972 - ERROR - Ошибка сканирования MEWUSDT: Network error for MEWUSDT: Cannot connect to host api.bybit.com:443 ssl:default [getaddrinfo failed]
2025-09-11 12:41:54,972 - ERROR - Сетевая ошибка для MEUSDT: Cannot connect to host api.bybit.com:443 ssl:default [getaddrinfo failed]
2025-09-11 12:41:54,972 - ERROR - Ошибка сканирования MEUSDT: Network error for MEUSDT: Cannot connect to host api.bybit.com:443 ssl:default [getaddrinfo failed]
2025-09-11 12:41:54,972 - ERROR - Сетевая ошибка для MNTUSDT: Cannot connect to host api.bybit.com:443 ssl:default [getaddrinfo failed]
2025-09-11 12:41:54,972 - ERROR - Ошибка сканирования MNTUSDT: Network error for MNTUSDT: Cannot connect to host api.bybit.com:443 ssl:default [getaddrinfo failed]
2025-09-11 12:41:54,972 - INFO - Обработано: 280/404
2025-09-11 12:41:55,099 - ERROR - Сетевая ошибка для MOVEUSDT: Cannot connect to host api.bybit.com:443 ssl:default [getaddrinfo failed]
2025-09-11 12:41:55,099 - ERROR - Ошибка сканирования MOVEUSDT: Network error for MOVEUSDT: Cannot connect to host api.bybit.com:443 ssl:default [getaddrinfo failed]
2025-09-11 12:41:55,100 - ERROR - Сетевая ошибка для MOVRUSDT: Cannot connect to host api.bybit.com:443 ssl:default [getaddrinfo failed]
2025-09-11 12:41:55,101 - ERROR - Ошибка сканирования MOVRUSDT: Network error for MOVRUSDT: Cannot connect to host api.bybit.com:443 ssl:default [getaddrinfo failed]
2025-09-11 12:41:55,101 - ERROR - Сетевая ошибка для MOCAUSDT: Cannot connect to host api.bybit.com:443 ssl:default [getaddrinfo failed]
2025-09-11 12:41:55,102 - ERROR - Ошибка сканирования MOCAUSDT: Network error for MOCAUSDT: Cannot connect to host api.bybit.com:443 ssl:default [getaddrinfo failed]
2025-09-11 12:41:55,102 - ERROR - Сетевая ошибка для MOODENGUSDT: Cannot connect to host api.bybit.com:443 ssl:default [getaddrinfo failed]
2025-09-11 12:41:55,102 - ERROR - Ошибка сканирования MOODENGUSDT: Network error for MOODENGUSDT: Cannot connect to host api.bybit.com:443 ssl:default [getaddrinfo failed]
2025-09-11 12:41:55,102 - ERROR - Сетевая ошибка для MTLUSDT: Cannot connect to host api.bybit.com:443 ssl:default [getaddrinfo failed]
2025-09-11 12:41:55,102 - ERROR - Ошибка сканирования MTLUSDT: Network error for MTLUSDT: Cannot connect to host api.bybit.com:443 ssl:default [getaddrinfo failed]
2025-09-11 12:41:55,102 - ERROR - Сетевая ошибка для MORPHOUSDT: Cannot connect to host api.bybit.com:443 ssl:default [getaddrinfo failed]
2025-09-11 12:41:55,103 - ERROR - Ошибка сканирования MORPHOUSDT: Network error for MORPHOUSDT: Cannot connect to host api.bybit.com:443 ssl:default [getaddrinfo failed]
2025-09-11 12:41:55,103 - ERROR - Сетевая ошибка для MYRIAUSDT: Cannot connect to host api.bybit.com:443 ssl:default [getaddrinfo failed]
2025-09-11 12:41:55,104 - ERROR - Ошибка сканирования MYRIAUSDT: Network error for MYRIAUSDT: Cannot connect to host api.bybit.com:443 ssl:default [getaddrinfo failed]
2025-09-11 12:41:55,104 - ERROR - Сетевая ошибка для MUSDT: Cannot connect to host api.bybit.com:443 ssl:default [getaddrinfo failed]
2025-09-11 12:41:55,104 - ERROR - Ошибка сканирования MUSDT: Network error for MUSDT: Cannot connect to host api.bybit.com:443 ssl:default [getaddrinfo failed]
2025-09-11 12:41:55,105 - ERROR - Сетевая ошибка для NEOUSDT: Cannot connect to host api.bybit.com:443 ssl:default [getaddrinfo failed]
2025-09-11 12:41:55,105 - ERROR - Ошибка сканирования NEOUSDT: Network error for NEOUSDT: Cannot connect to host api.bybit.com:443 ssl:default [getaddrinfo failed]
2025-09-11 12:41:55,106 - ERROR - Сетевая ошибка для NAORISUSDT: Cannot connect to host api.bybit.com:443 ssl:default [getaddrinfo failed]
2025-09-11 12:41:55,106 - ERROR - Ошибка сканирования NAORISUSDT: Network error for NAORISUSDT: Cannot connect to host api.bybit.com:443 ssl:default [getaddrinfo failed]
2025-09-11 12:41:55,106 - ERROR - Сетевая ошибка для MVLUSDT: Cannot connect to host api.bybit.com:443 ssl:default [getaddrinfo failed]
2025-09-11 12:41:55,106 - ERROR - Ошибка сканирования MVLUSDT: Network error for MVLUSDT: Cannot connect to host api.bybit.com:443 ssl:default [getaddrinfo failed]
2025-09-11 12:41:55,106 - ERROR - Сетевая ошибка для MUBARAKUSDT: Cannot connect to host api.bybit.com:443 ssl:default [getaddrinfo failed]
2025-09-11 12:41:55,107 - ERROR - Ошибка сканирования MUBARAKUSDT: Network error for MUBARAKUSDT: Cannot connect to host api.bybit.com:443 ssl:default [getaddrinfo failed]
2025-09-11 12:41:55,107 - ERROR - Сетевая ошибка для MYXUSDT: Cannot connect to host api.bybit.com:443 ssl:default [getaddrinfo failed]
2025-09-11 12:41:55,107 - ERROR - Ошибка сканирования MYXUSDT: Network error for MYXUSDT: Cannot connect to host api.bybit.com:443 ssl:default [getaddrinfo failed]
2025-09-11 12:41:55,107 - ERROR - Сетевая ошибка для NFPUSDT: Cannot connect to host api.bybit.com:443 ssl:default [getaddrinfo failed]
2025-09-11 12:41:55,107 - ERROR - Ошибка сканирования NFPUSDT: Network error for NFPUSDT: Cannot connect to host api.bybit.com:443 ssl:default [getaddrinfo failed]
2025-09-11 12:41:55,107 - ERROR - Сетевая ошибка для NEWTUSDT: Cannot connect to host api.bybit.com:443 ssl:default [getaddrinfo failed]
2025-09-11 12:41:55,108 - ERROR - Ошибка сканирования NEWTUSDT: Network error for NEWTUSDT: Cannot connect to host api.bybit.com:443 ssl:default [getaddrinfo failed]
2025-09-11 12:41:55,109 - ERROR - Сетевая ошибка для NILUSDT: Cannot connect to host api.bybit.com:443 ssl:default [getaddrinfo failed]
2025-09-11 12:41:55,109 - ERROR - Ошибка сканирования NILUSDT: Network error for NILUSDT: Cannot connect to host api.bybit.com:443 ssl:default [getaddrinfo failed]
2025-09-11 12:41:55,109 - ERROR - Сетевая ошибка для NKNUSDT: Cannot connect to host api.bybit.com:443 ssl:default [getaddrinfo failed]
2025-09-11 12:41:55,109 - ERROR - Ошибка сканирования NKNUSDT: Network error for NKNUSDT: Cannot connect to host api.bybit.com:443 ssl:default [getaddrinfo failed]
2025-09-11 12:41:55,109 - ERROR - Сетевая ошибка для NTRNUSDT: Cannot connect to host api.bybit.com:443 ssl:default [getaddrinfo failed]
2025-09-11 12:41:55,110 - ERROR - Ошибка сканирования NTRNUSDT: Network error for NTRNUSDT: Cannot connect to host api.bybit.com:443 ssl:default [getaddrinfo failed]
2025-09-11 12:41:55,110 - ERROR - Сетевая ошибка для NSUSDT: Cannot connect to host api.bybit.com:443 ssl:default [getaddrinfo failed]
2025-09-11 12:41:55,110 - ERROR - Ошибка сканирования NSUSDT: Network error for NSUSDT: Cannot connect to host api.bybit.com:443 ssl:default [getaddrinfo failed]
2025-09-11 12:41:55,110 - ERROR - Сетевая ошибка для NEARUSDT: Cannot connect to host api.bybit.com:443 ssl:default [getaddrinfo failed]
2025-09-11 12:41:55,110 - ERROR - Ошибка сканирования NEARUSDT: Network error for NEARUSDT: Cannot connect to host api.bybit.com:443 ssl:default [getaddrinfo failed]
2025-09-11 12:41:55,110 - ERROR - Сетевая ошибка для NODEUSDT: Cannot connect to host api.bybit.com:443 ssl:default [getaddrinfo failed]
2025-09-11 12:41:55,111 - ERROR - Ошибка сканирования NODEUSDT: Network error for NODEUSDT: Cannot connect to host api.bybit.com:443 ssl:default [getaddrinfo failed]
2025-09-11 12:41:55,111 - ERROR - Сетевая ошибка для MYROUSDT: Cannot connect to host api.bybit.com:443 ssl:default [getaddrinfo failed]
2025-09-11 12:41:55,111 - ERROR - Ошибка сканирования MYROUSDT: Network error for MYROUSDT: Cannot connect to host api.bybit.com:443 ssl:default [getaddrinfo failed]
2025-09-11 12:41:55,111 - ERROR - Сетевая ошибка для NOTUSDT: Cannot connect to host api.bybit.com:443 ssl:default [getaddrinfo failed]
2025-09-11 12:41:55,111 - ERROR - Ошибка сканирования NOTUSDT: Network error for NOTUSDT: Cannot connect to host api.bybit.com:443 ssl:default [getaddrinfo failed]
2025-09-11 12:41:55,111 - ERROR - Сетевая ошибка для NMRUSDT: Cannot connect to host api.bybit.com:443 ssl:default [getaddrinfo failed]
2025-09-11 12:41:55,111 - ERROR - Ошибка сканирования NMRUSDT: Network error for NMRUSDT: Cannot connect to host api.bybit.com:443 ssl:default [getaddrinfo failed]
2025-09-11 12:41:55,111 - ERROR - Сетевая ошибка для OBOLUSDT: Cannot connect to host api.bybit.com:443 ssl:default [getaddrinfo failed]
2025-09-11 12:41:55,113 - ERROR - Ошибка сканирования OBOLUSDT: Network error for OBOLUSDT: Cannot connect to host api.bybit.com:443 ssl:default [getaddrinfo failed]
2025-09-11 12:41:55,113 - ERROR - Сетевая ошибка для NXPCUSDT: Cannot connect to host api.bybit.com:443 ssl:default [getaddrinfo failed]
2025-09-11 12:41:55,113 - ERROR - Ошибка сканирования NXPCUSDT: Network error for NXPCUSDT: Cannot connect to host api.bybit.com:443 ssl:default [getaddrinfo failed]
2025-09-11 12:41:55,113 - ERROR - Сетевая ошибка для OGNUSDT: Cannot connect to host api.bybit.com:443 ssl:default [getaddrinfo failed]
2025-09-11 12:41:55,113 - ERROR - Ошибка сканирования OGNUSDT: Network error for OGNUSDT: Cannot connect to host api.bybit.com:443 ssl:default [getaddrinfo failed]
2025-09-11 12:41:55,113 - ERROR - Сетевая ошибка для OMNIUSDT: Cannot connect to host api.bybit.com:443 ssl:default [getaddrinfo failed]
2025-09-11 12:41:55,114 - ERROR - Ошибка сканирования OMNIUSDT: Network error for OMNIUSDT: Cannot connect to host api.bybit.com:443 ssl:default [getaddrinfo failed]
2025-09-11 12:41:55,114 - ERROR - Сетевая ошибка для OLUSDT: Cannot connect to host api.bybit.com:443 ssl:default [getaddrinfo failed]
2025-09-11 12:41:55,114 - ERROR - Ошибка сканирования OLUSDT: Network error for OLUSDT: Cannot connect to host api.bybit.com:443 ssl:default [getaddrinfo failed]
2025-09-11 12:41:55,115 - ERROR - Сетевая ошибка для OBTUSDT: Cannot connect to host api.bybit.com:443 ssl:default [getaddrinfo failed]
2025-09-11 12:41:55,115 - ERROR - Ошибка сканирования OBTUSDT: Network error for OBTUSDT: Cannot connect to host api.bybit.com:443 ssl:default [getaddrinfo failed]
2025-09-11 12:41:55,115 - ERROR - Сетевая ошибка для ONTUSDT: Cannot connect to host api.bybit.com:443 ssl:default [getaddrinfo failed]
2025-09-11 12:41:55,115 - ERROR - Ошибка сканирования ONTUSDT: Network error for ONTUSDT: Cannot connect to host api.bybit.com:443 ssl:default [getaddrinfo failed]
2025-09-11 12:41:55,116 - ERROR - Сетевая ошибка для OMUSDT: Cannot connect to host api.bybit.com:443 ssl:default [getaddrinfo failed]
2025-09-11 12:41:55,116 - ERROR - Ошибка сканирования OMUSDT: Network error for OMUSDT: Cannot connect to host api.bybit.com:443 ssl:default [getaddrinfo failed]
2025-09-11 12:41:55,116 - ERROR - Сетевая ошибка для ONDOUSDT: Cannot connect to host api.bybit.com:443 ssl:default [getaddrinfo failed]
2025-09-11 12:41:55,116 - ERROR - Ошибка сканирования ONDOUSDT: Network error for ONDOUSDT: Cannot connect to host api.bybit.com:443 ssl:default [getaddrinfo failed]
2025-09-11 12:41:55,116 - ERROR - Сетевая ошибка для OGUSDT: Cannot connect to host api.bybit.com:443 ssl:default [getaddrinfo failed]
2025-09-11 12:41:55,116 - ERROR - Ошибка сканирования OGUSDT: Network error for OGUSDT: Cannot connect to host api.bybit.com:443 ssl:default [getaddrinfo failed]
2025-09-11 12:41:55,116 - ERROR - Сетевая ошибка для OPENUSDT: Cannot connect to host api.bybit.com:443 ssl:default [getaddrinfo failed]
2025-09-11 12:41:55,116 - ERROR - Ошибка сканирования OPENUSDT: Network error for OPENUSDT: Cannot connect to host api.bybit.com:443 ssl:default [getaddrinfo failed]
2025-09-11 12:41:55,116 - ERROR - Сетевая ошибка для ONGUSDT: Cannot connect to host api.bybit.com:443 ssl:default [getaddrinfo failed]
2025-09-11 12:41:55,116 - ERROR - Ошибка сканирования ONGUSDT: Network error for ONGUSDT: Cannot connect to host api.bybit.com:443 ssl:default [getaddrinfo failed]
2025-09-11 12:41:55,118 - ERROR - Сетевая ошибка для ONEUSDT: Cannot connect to host api.bybit.com:443 ssl:default [getaddrinfo failed]
2025-09-11 12:41:55,118 - ERROR - Ошибка сканирования ONEUSDT: Network error for ONEUSDT: Cannot connect to host api.bybit.com:443 ssl:default [getaddrinfo failed]
2025-09-11 12:41:55,118 - ERROR - Сетевая ошибка для ORBSUSDT: Cannot connect to host api.bybit.com:443 ssl:default [getaddrinfo failed]
2025-09-11 12:41:55,118 - ERROR - Ошибка сканирования ORBSUSDT: Network error for ORBSUSDT: Cannot connect to host api.bybit.com:443 ssl:default [getaddrinfo failed]
2025-09-11 12:41:55,118 - ERROR - Сетевая ошибка для OPUSDT: Cannot connect to host api.bybit.com:443 ssl:default [getaddrinfo failed]
2025-09-11 12:41:55,118 - ERROR - Ошибка сканирования OPUSDT: Network error for OPUSDT: Cannot connect to host api.bybit.com:443 ssl:default [getaddrinfo failed]
2025-09-11 12:41:55,118 - ERROR - Сетевая ошибка для ORCAUSDT: Cannot connect to host api.bybit.com:443 ssl:default [getaddrinfo failed]
2025-09-11 12:41:55,118 - ERROR - Ошибка сканирования ORCAUSDT: Network error for ORCAUSDT: Cannot connect to host api.bybit.com:443 ssl:default [getaddrinfo failed]
2025-09-11 12:41:55,119 - INFO - Обработано: 320/404
2025-09-11 12:41:55,287 - ERROR - Сетевая ошибка для ORDIUSDT: Cannot connect to host api.bybit.com:443 ssl:default [getaddrinfo failed]
2025-09-11 12:41:55,288 - ERROR - Ошибка сканирования ORDIUSDT: Network error for ORDIUSDT: Cannot connect to host api.bybit.com:443 ssl:default [getaddrinfo failed]
2025-09-11 12:41:55,289 - ERROR - Сетевая ошибка для ORDERUSDT: Cannot connect to host api.bybit.com:443 ssl:default [getaddrinfo failed]
2025-09-11 12:41:55,289 - ERROR - Ошибка сканирования ORDERUSDT: Network error for ORDERUSDT: Cannot connect to host api.bybit.com:443 ssl:default [getaddrinfo failed]
2025-09-11 12:41:55,289 - ERROR - Сетевая ошибка для OXTUSDT: Cannot connect to host api.bybit.com:443 ssl:default [getaddrinfo failed]
2025-09-11 12:41:55,290 - ERROR - Ошибка сканирования OXTUSDT: Network error for OXTUSDT: Cannot connect to host api.bybit.com:443 ssl:default [getaddrinfo failed]
2025-09-11 12:41:55,290 - ERROR - Сетевая ошибка для OSMOUSDT: Cannot connect to host api.bybit.com:443 ssl:default [getaddrinfo failed]
2025-09-11 12:41:55,290 - ERROR - Ошибка сканирования OSMOUSDT: Network error for OSMOUSDT: Cannot connect to host api.bybit.com:443 ssl:default [getaddrinfo failed]
2025-09-11 12:41:55,290 - ERROR - Сетевая ошибка для PEOPLEUSDT: Cannot connect to host api.bybit.com:443 ssl:default [getaddrinfo failed]
2025-09-11 12:41:55,290 - ERROR - Ошибка сканирования PEOPLEUSDT: Network error for PEOPLEUSDT: Cannot connect to host api.bybit.com:443 ssl:default [getaddrinfo failed]
2025-09-11 12:41:55,290 - ERROR - Сетевая ошибка для PENDLEUSDT: Cannot connect to host api.bybit.com:443 ssl:default [getaddrinfo failed]
2025-09-11 12:41:55,290 - ERROR - Ошибка сканирования PENDLEUSDT: Network error for PENDLEUSDT: Cannot connect to host api.bybit.com:443 ssl:default [getaddrinfo failed]
2025-09-11 12:41:55,291 - ERROR - Сетевая ошибка для PARTIUSDT: Cannot connect to host api.bybit.com:443 ssl:default [getaddrinfo failed]
2025-09-11 12:41:55,291 - ERROR - Ошибка сканирования PARTIUSDT: Network error for PARTIUSDT: Cannot connect to host api.bybit.com:443 ssl:default [getaddrinfo failed]
2025-09-11 12:41:55,291 - ERROR - Сетевая ошибка для PEAQUSDT: Cannot connect to host api.bybit.com:443 ssl:default [getaddrinfo failed]
2025-09-11 12:41:55,291 - ERROR - Ошибка сканирования PEAQUSDT: Network error for PEAQUSDT: Cannot connect to host api.bybit.com:443 ssl:default [getaddrinfo failed]
2025-09-11 12:41:55,292 - ERROR - Сетевая ошибка для PENGUUSDT: Cannot connect to host api.bybit.com:443 ssl:default [getaddrinfo failed]
2025-09-11 12:41:55,292 - ERROR - Ошибка сканирования PENGUUSDT: Network error for PENGUUSDT: Cannot connect to host api.bybit.com:443 ssl:default [getaddrinfo failed]
2025-09-11 12:41:55,292 - ERROR - Сетевая ошибка для PERPUSDT: Cannot connect to host api.bybit.com:443 ssl:default [getaddrinfo failed]
2025-09-11 12:41:55,292 - ERROR - Ошибка сканирования PERPUSDT: Network error for PERPUSDT: Cannot connect to host api.bybit.com:443 ssl:default [getaddrinfo failed]
2025-09-11 12:41:55,292 - ERROR - Сетевая ошибка для PHBUSDT: Cannot connect to host api.bybit.com:443 ssl:default [getaddrinfo failed]
2025-09-11 12:41:55,292 - ERROR - Ошибка сканирования PHBUSDT: Network error for PHBUSDT: Cannot connect to host api.bybit.com:443 ssl:default [getaddrinfo failed]
2025-09-11 12:41:55,292 - ERROR - Сетевая ошибка для PNUTUSDT: Cannot connect to host api.bybit.com:443 ssl:default [getaddrinfo failed]
2025-09-11 12:41:55,293 - ERROR - Ошибка сканирования PNUTUSDT: Network error for PNUTUSDT: Cannot connect to host api.bybit.com:443 ssl:default [getaddrinfo failed]
2025-09-11 12:41:55,293 - ERROR - Сетевая ошибка для PAXGUSDT: Cannot connect to host api.bybit.com:443 ssl:default [getaddrinfo failed]
2025-09-11 12:41:55,293 - ERROR - Ошибка сканирования PAXGUSDT: Network error for PAXGUSDT: Cannot connect to host api.bybit.com:443 ssl:default [getaddrinfo failed]
2025-09-11 12:41:55,293 - ERROR - Сетевая ошибка для PIXELUSDT: Cannot connect to host api.bybit.com:443 ssl:default [getaddrinfo failed]
2025-09-11 12:41:55,293 - ERROR - Ошибка сканирования PIXELUSDT: Network error for PIXELUSDT: Cannot connect to host api.bybit.com:443 ssl:default [getaddrinfo failed]
2025-09-11 12:41:55,293 - ERROR - Сетевая ошибка для PONKEUSDT: Cannot connect to host api.bybit.com:443 ssl:default [getaddrinfo failed]
2025-09-11 12:41:55,293 - ERROR - Ошибка сканирования PONKEUSDT: Network error for PONKEUSDT: Cannot connect to host api.bybit.com:443 ssl:default [getaddrinfo failed]
2025-09-11 12:41:55,293 - ERROR - Сетевая ошибка для PHAUSDT: Cannot connect to host api.bybit.com:443 ssl:default [getaddrinfo failed]
2025-09-11 12:41:55,294 - ERROR - Ошибка сканирования PHAUSDT: Network error for PHAUSDT: Cannot connect to host api.bybit.com:443 ssl:default [getaddrinfo failed]
2025-09-11 12:41:55,294 - ERROR - Сетевая ошибка для PLUMEUSDT: Cannot connect to host api.bybit.com:443 ssl:default [getaddrinfo failed]
2025-09-11 12:41:55,294 - ERROR - Ошибка сканирования PLUMEUSDT: Network error for PLUMEUSDT: Cannot connect to host api.bybit.com:443 ssl:default [getaddrinfo failed]
2025-09-11 12:41:55,294 - ERROR - Сетевая ошибка для PRCLUSDT: Cannot connect to host api.bybit.com:443 ssl:default [getaddrinfo failed]
2025-09-11 12:41:55,294 - ERROR - Ошибка сканирования PRCLUSDT: Network error for PRCLUSDT: Cannot connect to host api.bybit.com:443 ssl:default [getaddrinfo failed]
2025-09-11 12:41:55,294 - ERROR - Сетевая ошибка для POLUSDT: Cannot connect to host api.bybit.com:443 ssl:default [getaddrinfo failed]
2025-09-11 12:41:55,294 - ERROR - Ошибка сканирования POLUSDT: Network error for POLUSDT: Cannot connect to host api.bybit.com:443 ssl:default [getaddrinfo failed]
2025-09-11 12:41:55,296 - ERROR - Сетевая ошибка для PORTALUSDT: Cannot connect to host api.bybit.com:443 ssl:default [getaddrinfo failed]
2025-09-11 12:41:55,296 - ERROR - Ошибка сканирования PORTALUSDT: Network error for PORTALUSDT: Cannot connect to host api.bybit.com:443 ssl:default [getaddrinfo failed]
2025-09-11 12:41:55,296 - ERROR - Сетевая ошибка для POPCATUSDT: Cannot connect to host api.bybit.com:443 ssl:default [getaddrinfo failed]
2025-09-11 12:41:55,296 - ERROR - Ошибка сканирования POPCATUSDT: Network error for POPCATUSDT: Cannot connect to host api.bybit.com:443 ssl:default [getaddrinfo failed]
2025-09-11 12:41:55,296 - ERROR - Сетевая ошибка для POWRUSDT: Cannot connect to host api.bybit.com:443 ssl:default [getaddrinfo failed]
2025-09-11 12:41:55,296 - ERROR - Ошибка сканирования POWRUSDT: Network error for POWRUSDT: Cannot connect to host api.bybit.com:443 ssl:default [getaddrinfo failed]
2025-09-11 12:41:55,297 - ERROR - Сетевая ошибка для PRIMEUSDT: Cannot connect to host api.bybit.com:443 ssl:default [getaddrinfo failed]
2025-09-11 12:41:55,297 - ERROR - Ошибка сканирования PRIMEUSDT: Network error for PRIMEUSDT: Cannot connect to host api.bybit.com:443 ssl:default [getaddrinfo failed]
2025-09-11 12:41:55,297 - ERROR - Сетевая ошибка для POLYXUSDT: Cannot connect to host api.bybit.com:443 ssl:default [getaddrinfo failed]
2025-09-11 12:41:55,297 - ERROR - Ошибка сканирования POLYXUSDT: Network error for POLYXUSDT: Cannot connect to host api.bybit.com:443 ssl:default [getaddrinfo failed]
2025-09-11 12:41:55,297 - ERROR - Сетевая ошибка для PROMPTUSDT: Cannot connect to host api.bybit.com:443 ssl:default [getaddrinfo failed]
2025-09-11 12:41:55,297 - ERROR - Ошибка сканирования PROMPTUSDT: Network error for PROMPTUSDT: Cannot connect to host api.bybit.com:443 ssl:default [getaddrinfo failed]
2025-09-11 12:41:55,297 - ERROR - Сетевая ошибка для PIPPINUSDT: Cannot connect to host api.bybit.com:443 ssl:default [getaddrinfo failed]
2025-09-11 12:41:55,297 - ERROR - Ошибка сканирования PIPPINUSDT: Network error for PIPPINUSDT: Cannot connect to host api.bybit.com:443 ssl:default [getaddrinfo failed]
2025-09-11 12:41:55,297 - ERROR - Сетевая ошибка для PTBUSDT: Cannot connect to host api.bybit.com:443 ssl:default [getaddrinfo failed]
2025-09-11 12:41:55,297 - ERROR - Ошибка сканирования PTBUSDT: Network error for PTBUSDT: Cannot connect to host api.bybit.com:443 ssl:default [getaddrinfo failed]
2025-09-11 12:41:55,297 - ERROR - Сетевая ошибка для PROVEUSDT: Cannot connect to host api.bybit.com:443 ssl:default [getaddrinfo failed]
2025-09-11 12:41:55,297 - ERROR - Ошибка сканирования PROVEUSDT: Network error for PROVEUSDT: Cannot connect to host api.bybit.com:443 ssl:default [getaddrinfo failed]
2025-09-11 12:41:55,297 - ERROR - Сетевая ошибка для PUFFERUSDT: Cannot connect to host api.bybit.com:443 ssl:default [getaddrinfo failed]
2025-09-11 12:41:55,299 - ERROR - Ошибка сканирования PUFFERUSDT: Network error for PUFFERUSDT: Cannot connect to host api.bybit.com:443 ssl:default [getaddrinfo failed]
2025-09-11 12:41:55,299 - ERROR - Сетевая ошибка для PROMUSDT: Cannot connect to host api.bybit.com:443 ssl:default [getaddrinfo failed]
2025-09-11 12:41:55,299 - ERROR - Ошибка сканирования PROMUSDT: Network error for PROMUSDT: Cannot connect to host api.bybit.com:443 ssl:default [getaddrinfo failed]
2025-09-11 12:41:55,299 - ERROR - Сетевая ошибка для PUNDIXUSDT: Cannot connect to host api.bybit.com:443 ssl:default [getaddrinfo failed]
2025-09-11 12:41:55,299 - ERROR - Ошибка сканирования PUNDIXUSDT: Network error for PUNDIXUSDT: Cannot connect to host api.bybit.com:443 ssl:default [getaddrinfo failed]
2025-09-11 12:41:55,299 - ERROR - Сетевая ошибка для PUMPFUNUSDT: Cannot connect to host api.bybit.com:443 ssl:default [getaddrinfo failed]
2025-09-11 12:41:55,300 - ERROR - Ошибка сканирования PUMPFUNUSDT: Network error for PUMPFUNUSDT: Cannot connect to host api.bybit.com:443 ssl:default [getaddrinfo failed]
2025-09-11 12:41:55,300 - ERROR - Сетевая ошибка для PYRUSDT: Cannot connect to host api.bybit.com:443 ssl:default [getaddrinfo failed]
2025-09-11 12:41:55,300 - ERROR - Ошибка сканирования PYRUSDT: Network error for PYRUSDT: Cannot connect to host api.bybit.com:443 ssl:default [getaddrinfo failed]
2025-09-11 12:41:55,300 - ERROR - Сетевая ошибка для PYTHUSDT: Cannot connect to host api.bybit.com:443 ssl:default [getaddrinfo failed]
2025-09-11 12:41:55,300 - ERROR - Ошибка сканирования PYTHUSDT: Network error for PYTHUSDT: Cannot connect to host api.bybit.com:443 ssl:default [getaddrinfo failed]
2025-09-11 12:41:55,300 - ERROR - Сетевая ошибка для QNTUSDT: Cannot connect to host api.bybit.com:443 ssl:default [getaddrinfo failed]
2025-09-11 12:41:55,300 - ERROR - Ошибка сканирования QNTUSDT: Network error for QNTUSDT: Cannot connect to host api.bybit.com:443 ssl:default [getaddrinfo failed]
2025-09-11 12:41:55,300 - ERROR - Сетевая ошибка для PUMPBTCUSDT: Cannot connect to host api.bybit.com:443 ssl:default [getaddrinfo failed]
2025-09-11 12:41:55,300 - ERROR - Ошибка сканирования PUMPBTCUSDT: Network error for PUMPBTCUSDT: Cannot connect to host api.bybit.com:443 ssl:default [getaddrinfo failed]
2025-09-11 12:41:55,301 - ERROR - Сетевая ошибка для QIUSDT: Cannot connect to host api.bybit.com:443 ssl:default [getaddrinfo failed]
2025-09-11 12:41:55,301 - ERROR - Ошибка сканирования QIUSDT: Network error for QIUSDT: Cannot connect to host api.bybit.com:443 ssl:default [getaddrinfo failed]
2025-09-11 12:41:55,301 - ERROR - Сетевая ошибка для QUICKUSDT: Cannot connect to host api.bybit.com:443 ssl:default [getaddrinfo failed]
2025-09-11 12:41:55,301 - ERROR - Ошибка сканирования QUICKUSDT: Network error for QUICKUSDT: Cannot connect to host api.bybit.com:443 ssl:default [getaddrinfo failed]
2025-09-11 12:41:55,301 - ERROR - Сетевая ошибка для QTUMUSDT: Cannot connect to host api.bybit.com:443 ssl:default [getaddrinfo failed]
2025-09-11 12:41:55,301 - ERROR - Ошибка сканирования QTUMUSDT: Network error for QTUMUSDT: Cannot connect to host api.bybit.com:443 ssl:default [getaddrinfo failed]
2025-09-11 12:41:55,301 - ERROR - Сетевая ошибка для RADUSDT: Cannot connect to host api.bybit.com:443 ssl:default [getaddrinfo failed]
2025-09-11 12:41:55,301 - ERROR - Ошибка сканирования RADUSDT: Network error for RADUSDT: Cannot connect to host api.bybit.com:443 ssl:default [getaddrinfo failed]
2025-09-11 12:41:55,302 - INFO - Обработано: 360/404
2025-09-11 12:41:55,423 - ERROR - Сетевая ошибка для REDUSDT: Cannot connect to host api.bybit.com:443 ssl:default [getaddrinfo failed]
2025-09-11 12:41:55,423 - ERROR - Ошибка сканирования REDUSDT: Network error for REDUSDT: Cannot connect to host api.bybit.com:443 ssl:default [getaddrinfo failed]
2025-09-11 12:41:55,425 - ERROR - Сетевая ошибка для RAREUSDT: Cannot connect to host api.bybit.com:443 ssl:default [getaddrinfo failed]
2025-09-11 12:41:55,426 - ERROR - Ошибка сканирования RAREUSDT: Network error for RAREUSDT: Cannot connect to host api.bybit.com:443 ssl:default [getaddrinfo failed]
2025-09-11 12:41:55,427 - ERROR - Сетевая ошибка для RENDERUSDT: Cannot connect to host api.bybit.com:443 ssl:default [getaddrinfo failed]
2025-09-11 12:41:55,428 - ERROR - Ошибка сканирования RENDERUSDT: Network error for RENDERUSDT: Cannot connect to host api.bybit.com:443 ssl:default [getaddrinfo failed]
2025-09-11 12:41:55,429 - ERROR - Сетевая ошибка для RAYDIUMUSDT: Cannot connect to host api.bybit.com:443 ssl:default [getaddrinfo failed]
2025-09-11 12:41:55,430 - ERROR - Ошибка сканирования RAYDIUMUSDT: Network error for RAYDIUMUSDT: Cannot connect to host api.bybit.com:443 ssl:default [getaddrinfo failed]
2025-09-11 12:41:55,431 - ERROR - Сетевая ошибка для REQUSDT: Cannot connect to host api.bybit.com:443 ssl:default [getaddrinfo failed]
2025-09-11 12:41:55,431 - ERROR - Ошибка сканирования REQUSDT: Network error for REQUSDT: Cannot connect to host api.bybit.com:443 ssl:default [getaddrinfo failed]
2025-09-11 12:41:55,432 - ERROR - Сетевая ошибка для REXUSDT: Cannot connect to host api.bybit.com:443 ssl:default [getaddrinfo failed]
2025-09-11 12:41:55,432 - ERROR - Ошибка сканирования REXUSDT: Network error for REXUSDT: Cannot connect to host api.bybit.com:443 ssl:default [getaddrinfo failed]
2025-09-11 12:41:55,432 - ERROR - Сетевая ошибка для RDNTUSDT: Cannot connect to host api.bybit.com:443 ssl:default [getaddrinfo failed]
2025-09-11 12:41:55,432 - ERROR - Ошибка сканирования RDNTUSDT: Network error for RDNTUSDT: Cannot connect to host api.bybit.com:443 ssl:default [getaddrinfo failed]
2025-09-11 12:41:55,432 - ERROR - Сетевая ошибка для REZUSDT: Cannot connect to host api.bybit.com:443 ssl:default [getaddrinfo failed]
2025-09-11 12:41:55,432 - ERROR - Ошибка сканирования REZUSDT: Network error for REZUSDT: Cannot connect to host api.bybit.com:443 ssl:default [getaddrinfo failed]
2025-09-11 12:41:55,433 - ERROR - Сетевая ошибка для RFCUSDT: Cannot connect to host api.bybit.com:443 ssl:default [getaddrinfo failed]
2025-09-11 12:41:55,433 - ERROR - Ошибка сканирования RFCUSDT: Network error for RFCUSDT: Cannot connect to host api.bybit.com:443 ssl:default [getaddrinfo failed]
2025-09-11 12:41:55,434 - ERROR - Сетевая ошибка для RLCUSDT: Cannot connect to host api.bybit.com:443 ssl:default [getaddrinfo failed]
2025-09-11 12:41:55,434 - ERROR - Ошибка сканирования RLCUSDT: Network error for RLCUSDT: Cannot connect to host api.bybit.com:443 ssl:default [getaddrinfo failed]
2025-09-11 12:41:55,434 - ERROR - Сетевая ошибка для RESOLVUSDT: Cannot connect to host api.bybit.com:443 ssl:default [getaddrinfo failed]
2025-09-11 12:41:55,434 - ERROR - Ошибка сканирования RESOLVUSDT: Network error for RESOLVUSDT: Cannot connect to host api.bybit.com:443 ssl:default [getaddrinfo failed]
2025-09-11 12:41:55,434 - ERROR - Сетевая ошибка для RIFUSDT: Cannot connect to host api.bybit.com:443 ssl:default [getaddrinfo failed]
2025-09-11 12:41:55,435 - ERROR - Ошибка сканирования RIFUSDT: Network error for RIFUSDT: Cannot connect to host api.bybit.com:443 ssl:default [getaddrinfo failed]
2025-09-11 12:41:55,435 - ERROR - Сетевая ошибка для ROSEUSDT: Cannot connect to host api.bybit.com:443 ssl:default [getaddrinfo failed]
2025-09-11 12:41:55,435 - ERROR - Ошибка сканирования ROSEUSDT: Network error for ROSEUSDT: Cannot connect to host api.bybit.com:443 ssl:default [getaddrinfo failed]
2025-09-11 12:41:55,435 - ERROR - Сетевая ошибка для RUNEUSDT: Cannot connect to host api.bybit.com:443 ssl:default [getaddrinfo failed]
2025-09-11 12:41:55,435 - ERROR - Ошибка сканирования RUNEUSDT: Network error for RUNEUSDT: Cannot connect to host api.bybit.com:443 ssl:default [getaddrinfo failed]
2025-09-11 12:41:55,435 - ERROR - Сетевая ошибка для RHEAUSDT: Cannot connect to host api.bybit.com:443 ssl:default [getaddrinfo failed]
2025-09-11 12:41:55,435 - ERROR - Ошибка сканирования RHEAUSDT: Network error for RHEAUSDT: Cannot connect to host api.bybit.com:443 ssl:default [getaddrinfo failed]
2025-09-11 12:41:55,436 - ERROR - Сетевая ошибка для RPLUSDT: Cannot connect to host api.bybit.com:443 ssl:default [getaddrinfo failed]
2025-09-11 12:41:55,436 - ERROR - Ошибка сканирования RPLUSDT: Network error for RPLUSDT: Cannot connect to host api.bybit.com:443 ssl:default [getaddrinfo failed]
2025-09-11 12:41:55,436 - ERROR - Сетевая ошибка для RONINUSDT: Cannot connect to host api.bybit.com:443 ssl:default [getaddrinfo failed]
2025-09-11 12:41:55,436 - ERROR - Ошибка сканирования RONINUSDT: Network error for RONINUSDT: Cannot connect to host api.bybit.com:443 ssl:default [getaddrinfo failed]
2025-09-11 12:41:55,436 - ERROR - Сетевая ошибка для ROAMUSDT: Cannot connect to host api.bybit.com:443 ssl:default [getaddrinfo failed]
2025-09-11 12:41:55,436 - ERROR - Ошибка сканирования ROAMUSDT: Network error for ROAMUSDT: Cannot connect to host api.bybit.com:443 ssl:default [getaddrinfo failed]
2025-09-11 12:41:55,436 - ERROR - Сетевая ошибка для SAGAUSDT: Cannot connect to host api.bybit.com:443 ssl:default [getaddrinfo failed]
2025-09-11 12:41:55,436 - ERROR - Ошибка сканирования SAGAUSDT: Network error for SAGAUSDT: Cannot connect to host api.bybit.com:443 ssl:default [getaddrinfo failed]
2025-09-11 12:41:55,436 - ERROR - Сетевая ошибка для RVNUSDT: Cannot connect to host api.bybit.com:443 ssl:default [getaddrinfo failed]
2025-09-11 12:41:55,438 - ERROR - Ошибка сканирования RVNUSDT: Network error for RVNUSDT: Cannot connect to host api.bybit.com:443 ssl:default [getaddrinfo failed]
2025-09-11 12:41:55,438 - ERROR - Сетевая ошибка для SANDUSDT: Cannot connect to host api.bybit.com:443 ssl:default [getaddrinfo failed]
2025-09-11 12:41:55,438 - ERROR - Ошибка сканирования SANDUSDT: Network error for SANDUSDT: Cannot connect to host api.bybit.com:443 ssl:default [getaddrinfo failed]
2025-09-11 12:41:55,438 - ERROR - Сетевая ошибка для SCAUSDT: Cannot connect to host api.bybit.com:443 ssl:default [getaddrinfo failed]
2025-09-11 12:41:55,438 - ERROR - Ошибка сканирования SCAUSDT: Network error for SCAUSDT: Cannot connect to host api.bybit.com:443 ssl:default [getaddrinfo failed]
2025-09-11 12:41:55,438 - ERROR - Сетевая ошибка для SCRTUSDT: Cannot connect to host api.bybit.com:443 ssl:default [getaddrinfo failed]
2025-09-11 12:41:55,438 - ERROR - Ошибка сканирования SCRTUSDT: Network error for SCRTUSDT: Cannot connect to host api.bybit.com:443 ssl:default [getaddrinfo failed]
2025-09-11 12:41:55,438 - ERROR - Сетевая ошибка для SAFEUSDT: Cannot connect to host api.bybit.com:443 ssl:default [getaddrinfo failed]
2025-09-11 12:41:55,439 - ERROR - Ошибка сканирования SAFEUSDT: Network error for SAFEUSDT: Cannot connect to host api.bybit.com:443 ssl:default [getaddrinfo failed]
2025-09-11 12:41:55,439 - ERROR - Сетевая ошибка для SCUSDT: Cannot connect to host api.bybit.com:443 ssl:default [getaddrinfo failed]
2025-09-11 12:41:55,439 - ERROR - Ошибка сканирования SCUSDT: Network error for SCUSDT: Cannot connect to host api.bybit.com:443 ssl:default [getaddrinfo failed]
2025-09-11 12:41:55,439 - ERROR - Сетевая ошибка для SAHARAUSDT: Cannot connect to host api.bybit.com:443 ssl:default [getaddrinfo failed]
2025-09-11 12:41:55,439 - ERROR - Ошибка сканирования SAHARAUSDT: Network error for SAHARAUSDT: Cannot connect to host api.bybit.com:443 ssl:default [getaddrinfo failed]
2025-09-11 12:41:55,439 - ERROR - Сетевая ошибка для SAPIENUSDT: Cannot connect to host api.bybit.com:443 ssl:default [getaddrinfo failed]
2025-09-11 12:41:55,440 - ERROR - Ошибка сканирования SAPIENUSDT: Network error for SAPIENUSDT: Cannot connect to host api.bybit.com:443 ssl:default [getaddrinfo failed]
2025-09-11 12:41:55,440 - ERROR - Сетевая ошибка для SCRUSDT: Cannot connect to host api.bybit.com:443 ssl:default [getaddrinfo failed]
2025-09-11 12:41:55,440 - ERROR - Ошибка сканирования SCRUSDT: Network error for SCRUSDT: Cannot connect to host api.bybit.com:443 ssl:default [getaddrinfo failed]
2025-09-11 12:41:55,440 - ERROR - Сетевая ошибка для SAROSUSDT: Cannot connect to host api.bybit.com:443 ssl:default [getaddrinfo failed]
2025-09-11 12:41:55,440 - ERROR - Ошибка сканирования SAROSUSDT: Network error for SAROSUSDT: Cannot connect to host api.bybit.com:443 ssl:default [getaddrinfo failed]
2025-09-11 12:41:55,440 - ERROR - Сетевая ошибка для SHELLUSDT: Cannot connect to host api.bybit.com:443 ssl:default [getaddrinfo failed]
2025-09-11 12:41:55,441 - ERROR - Ошибка сканирования SHELLUSDT: Network error for SHELLUSDT: Cannot connect to host api.bybit.com:443 ssl:default [getaddrinfo failed]
2025-09-11 12:41:55,441 - ERROR - Сетевая ошибка для SENDUSDT: Cannot connect to host api.bybit.com:443 ssl:default [getaddrinfo failed]
2025-09-11 12:41:55,441 - ERROR - Ошибка сканирования SENDUSDT: Network error for SENDUSDT: Cannot connect to host api.bybit.com:443 ssl:default [getaddrinfo failed]
2025-09-11 12:41:55,441 - ERROR - Сетевая ошибка для RSRUSDT: Cannot connect to host api.bybit.com:443 ssl:default [getaddrinfo failed]
2025-09-11 12:41:55,441 - ERROR - Ошибка сканирования RSRUSDT: Network error for RSRUSDT: Cannot connect to host api.bybit.com:443 ssl:default [getaddrinfo failed]
2025-09-11 12:41:55,441 - ERROR - Сетевая ошибка для SKATEUSDT: Cannot connect to host api.bybit.com:443 ssl:default [getaddrinfo failed]
2025-09-11 12:41:55,441 - ERROR - Ошибка сканирования SKATEUSDT: Network error for SKATEUSDT: Cannot connect to host api.bybit.com:443 ssl:default [getaddrinfo failed]
2025-09-11 12:41:55,442 - ERROR - Сетевая ошибка для SERAPHUSDT: Cannot connect to host api.bybit.com:443 ssl:default [getaddrinfo failed]
2025-09-11 12:41:55,442 - ERROR - Ошибка сканирования SERAPHUSDT: Network error for SERAPHUSDT: Cannot connect to host api.bybit.com:443 ssl:default [getaddrinfo failed]
2025-09-11 12:41:55,442 - ERROR - Сетевая ошибка для SFPUSDT: Cannot connect to host api.bybit.com:443 ssl:default [getaddrinfo failed]
2025-09-11 12:41:55,442 - ERROR - Ошибка сканирования SFPUSDT: Network error for SFPUSDT: Cannot connect to host api.bybit.com:443 ssl:default [getaddrinfo failed]
2025-09-11 12:41:55,442 - ERROR - Сетевая ошибка для SEIUSDT: Cannot connect to host api.bybit.com:443 ssl:default [getaddrinfo failed]
2025-09-11 12:41:55,442 - ERROR - Ошибка сканирования SEIUSDT: Network error for SEIUSDT: Cannot connect to host api.bybit.com:443 ssl:default [getaddrinfo failed]
2025-09-11 12:41:55,443 - ERROR - Сетевая ошибка для SIRENUSDT: Cannot connect to host api.bybit.com:443 ssl:default [getaddrinfo failed]
2025-09-11 12:41:55,443 - ERROR - Ошибка сканирования SIRENUSDT: Network error for SIRENUSDT: Cannot connect to host api.bybit.com:443 ssl:default [getaddrinfo failed]
2025-09-11 12:41:55,443 - ERROR - Сетевая ошибка для SIGNUSDT: Cannot connect to host api.bybit.com:443 ssl:default [getaddrinfo failed]
2025-09-11 12:41:55,443 - ERROR - Ошибка сканирования SIGNUSDT: Network error for SIGNUSDT: Cannot connect to host api.bybit.com:443 ssl:default [getaddrinfo failed]
2025-09-11 12:41:55,443 - ERROR - Сетевая ошибка для SKLUSDT: Cannot connect to host api.bybit.com:443 ssl:default [getaddrinfo failed]
2025-09-11 12:41:55,443 - ERROR - Ошибка сканирования SKLUSDT: Network error for SKLUSDT: Cannot connect to host api.bybit.com:443 ssl:default [getaddrinfo failed]
2025-09-11 12:41:55,443 - ERROR - Сетевая ошибка для SDUSDT: Cannot connect to host api.bybit.com:443 ssl:default [getaddrinfo failed]
2025-09-11 12:41:55,444 - ERROR - Ошибка сканирования SDUSDT: Network error for SDUSDT: Cannot connect to host api.bybit.com:443 ssl:default [getaddrinfo failed]
2025-09-11 12:41:55,444 - INFO - Обработано: 400/404
2025-09-11 12:41:55,550 - ERROR - Сетевая ошибка для SKYAIUSDT: Cannot connect to host api.bybit.com:443 ssl:default [getaddrinfo failed]
2025-09-11 12:41:55,550 - ERROR - Ошибка сканирования SKYAIUSDT: Network error for SKYAIUSDT: Cannot connect to host api.bybit.com:443 ssl:default [getaddrinfo failed]
2025-09-11 12:41:55,550 - ERROR - Сетевая ошибка для SLERFUSDT: Cannot connect to host api.bybit.com:443 ssl:default [getaddrinfo failed]
2025-09-11 12:41:55,551 - ERROR - Ошибка сканирования SLERFUSDT: Network error for SLERFUSDT: Cannot connect to host api.bybit.com:443 ssl:default [getaddrinfo failed]
2025-09-11 12:41:55,551 - ERROR - Сетевая ошибка для SKYUSDT: Cannot connect to host api.bybit.com:443 ssl:default [getaddrinfo failed]
2025-09-11 12:41:55,551 - ERROR - Ошибка сканирования SKYUSDT: Network error for SKYUSDT: Cannot connect to host api.bybit.com:443 ssl:default [getaddrinfo failed]
2025-09-11 12:41:55,551 - ERROR - Сетевая ошибка для SLFUSDT: Cannot connect to host api.bybit.com:443 ssl:default [getaddrinfo failed]
2025-09-11 12:41:55,551 - ERROR - Ошибка сканирования SLFUSDT: Network error for SLFUSDT: Cannot connect to host api.bybit.com:443 ssl:default [getaddrinfo failed]
2025-09-11 12:41:55,551 - INFO - Обработано: 404/404
2025-09-11 12:41:55,551 - INFO - ЭТАП 1: 0 сигналов за 11.83сек
2025-09-11 12:41:55,551 - INFO - Сигналы согласно инструкции не найдены
2025-09-11 12:41:55,555 - INFO - Работа завершена
2025-09-11 12:42:12,383 - INFO - ================================================================================
2025-09-11 12:42:12,383 - INFO - СКАЛЬПИНГОВЫЙ БОТ СОГЛАСНО ИНСТРУКЦИИ
2025-09-11 12:42:12,385 - INFO - 15m контекст + 5m точный вход
2025-09-11 12:42:12,385 - INFO - EMA(5/8/20), RSI(9), MACD(12,26,9), ATR(14), Bollinger(20,2.0)
2025-09-11 12:42:12,385 - INFO - Шаблоны: Momentum, Pullback, Squeeze, Range scalp
2025-09-11 12:42:12,385 - INFO - ================================================================================
2025-09-11 12:42:12,387 - INFO - СКАЛЬПИНГОВЫЙ БОТ ПО ИНСТРУКЦИИ - ЗАПУСК
2025-09-11 12:42:12,387 - INFO - Метод: 15m контекст + 5m точный вход
2025-09-11 12:42:12,387 - INFO - Индикаторы: EMA(5/8/20), RSI(9), MACD(12,26,9), ATR(14), Bollinger(20,2.0)
2025-09-11 12:42:12,387 - INFO - Анализатор по инструкции запущен (15m+5m)
2025-09-11 12:42:12,387 - INFO - ЭТАП 1: Сканирование с фильтрами по инструкции
2025-09-11 12:42:14,081 - INFO - Найдено 404 активных USDT пар
2025-09-11 12:42:14,082 - INFO - Сканируем 404 пар (15m контекст + 5m вход)
2025-09-11 12:42:15,927 - INFO - Обработано: 40/404
2025-09-11 12:42:17,781 - INFO - Обработано: 80/404
2025-09-11 12:42:19,582 - INFO - Обработано: 120/404
2025-09-11 12:42:21,722 - INFO - Обработано: 160/404
2025-09-11 12:42:23,245 - INFO - Обработано: 200/404
2025-09-11 12:42:27,067 - INFO - Обработано: 240/404
2025-09-11 12:42:29,628 - INFO - Обработано: 280/404
2025-09-11 12:42:32,288 - INFO - Обработано: 320/404
2025-09-11 12:42:35,671 - INFO - Обработано: 360/404
2025-09-11 12:42:38,569 - INFO - Обработано: 400/404
2025-09-11 12:42:40,318 - INFO - Обработано: 404/404
2025-09-11 12:42:40,318 - INFO - ЭТАП 1: 0 сигналов за 27.93сек
2025-09-11 12:42:40,318 - INFO - Сигналы согласно инструкции не найдены
2025-09-11 12:42:40,321 - INFO - Работа завершена
2025-09-11 13:58:05,513 - INFO - ================================================================================
2025-09-11 13:58:05,513 - INFO - СКАЛЬПИНГОВЫЙ БОТ СОГЛАСНО ИНСТРУКЦИИ
2025-09-11 13:58:05,513 - INFO - 15m контекст + 5m точный вход
2025-09-11 13:58:05,513 - INFO - EMA(5/8/20), RSI(9), MACD(12,26,9), ATR(14), Bollinger(20,2.0)
2025-09-11 13:58:05,513 - INFO - Шаблоны: Momentum, Pullback, Squeeze, Range scalp
2025-09-11 13:58:05,513 - INFO - ================================================================================
2025-09-11 13:58:05,514 - INFO - СКАЛЬПИНГОВЫЙ БОТ ПО ИНСТРУКЦИИ - ЗАПУСК
2025-09-11 13:58:05,514 - INFO - Метод: 15m контекст + 5m точный вход
2025-09-11 13:58:05,514 - INFO - Индикаторы: EMA(5/8/20), RSI(9), MACD(12,26,9), ATR(14), Bollinger(20,2.0)
2025-09-11 13:58:05,514 - INFO - Анализатор по инструкции запущен (15m+5m)
2025-09-11 13:58:05,515 - INFO - ЭТАП 1: Сканирование с фильтрами по инструкции
2025-09-11 13:58:06,163 - INFO - Найдено 404 активных USDT пар
2025-09-11 13:58:06,163 - INFO - Сканируем 404 пар (15m контекст + 5m вход)
2025-09-11 13:58:07,521 - INFO - Обработано: 40/404
2025-09-11 13:58:08,942 - INFO - Обработано: 80/404
2025-09-11 13:58:10,338 - INFO - Обработано: 120/404
2025-09-11 13:58:12,254 - INFO - Обработано: 160/404
2025-09-11 13:58:14,390 - INFO - Обработано: 200/404
2025-09-11 13:58:18,187 - INFO - Обработано: 240/404
2025-09-11 13:58:19,630 - INFO - Обработано: 280/404
2025-09-11 13:58:20,975 - INFO - Обработано: 320/404
2025-09-11 13:58:22,285 - INFO - Обработано: 360/404
2025-09-11 13:58:23,791 - INFO - Обработано: 400/404
2025-09-11 13:58:25,045 - INFO - Обработано: 404/404
2025-09-11 13:58:25,047 - INFO - ЭТАП 1: 0 сигналов за 19.53сек
2025-09-11 13:58:25,047 - INFO - Сигналы согласно инструкции не найдены
2025-09-11 13:58:25,050 - INFO - Работа завершена
2025-09-12 14:03:08,088 - INFO - ================================================================================
2025-09-12 14:03:08,088 - INFO - СКАЛЬПИНГОВЫЙ БОТ СОГЛАСНО ИНСТРУКЦИИ
2025-09-12 14:03:08,088 - INFO - 15m контекст + 5m точный вход
2025-09-12 14:03:08,088 - INFO - EMA(5/8/20), RSI(9), MACD(12,26,9), ATR(14), Bollinger(20,2.0)
2025-09-12 14:03:08,088 - INFO - Шаблоны: Momentum, Pullback, Squeeze, Range scalp
2025-09-12 14:03:08,088 - INFO - ================================================================================
2025-09-12 14:03:08,089 - INFO - СКАЛЬПИНГОВЫЙ БОТ ПО ИНСТРУКЦИИ - ЗАПУСК
2025-09-12 14:03:08,089 - INFO - Метод: 15m контекст + 5m точный вход
2025-09-12 14:03:08,089 - INFO - Индикаторы: EMA(5/8/20), RSI(9), MACD(12,26,9), ATR(14), Bollinger(20,2.0)
2025-09-12 14:03:08,089 - INFO - Анализатор по инструкции запущен (15m+5m)
2025-09-12 14:03:08,091 - INFO - ЭТАП 1: Сканирование с фильтрами по инструкции
2025-09-12 14:03:08,706 - INFO - Найдено 404 активных USDT пар
2025-09-12 14:03:08,707 - INFO - Сканируем 404 пар (15m контекст + 5m вход)
2025-09-12 14:03:09,912 - INFO - Обработано: 40/404
2025-09-12 14:03:11,254 - INFO - Обработано: 80/404
2025-09-12 14:03:12,656 - INFO - Обработано: 120/404
2025-09-12 14:03:14,922 - INFO - Обработано: 160/404
2025-09-12 14:03:16,407 - INFO - Обработано: 200/404
2025-09-12 14:03:18,653 - INFO - Обработано: 240/404
2025-09-12 14:03:20,363 - INFO - Обработано: 280/404
2025-09-12 14:03:21,757 - INFO - Обработано: 320/404
2025-09-12 14:03:23,058 - INFO - Обработано: 360/404
2025-09-12 14:03:24,659 - INFO - Обработано: 400/404
2025-09-12 14:03:25,784 - INFO - Обработано: 404/404
2025-09-12 14:03:25,784 - INFO - ЭТАП 1: 0 сигналов за 17.69сек
2025-09-12 14:03:25,784 - INFO - Сигналы согласно инструкции не найдены
2025-09-12 14:03:25,787 - INFO - Работа завершена
2025-09-12 14:41:59,418 - INFO - Анализатор по инструкции запущен (15m+5m)
2025-09-12 14:41:59,418 - INFO - Скальпинг-бот по инструкции запущен
2025-09-12 14:41:59,418 - INFO - Конфигурация: 15m контекст + 5m вход
2025-09-12 14:42:24,584 - INFO - Запуск непрерывного мониторинга (интервал 5мин)
2025-09-12 14:42:24,584 - INFO - === ЗАПУСК ПОЛНОГО ЦИКЛА АНАЛИЗА ===
2025-09-12 14:42:24,584 - INFO - Методология: 15m контекст + 5m вход → ИИ отбор → детальный анализ
2025-09-12 14:42:24,584 - INFO - ЭТАП 1: Сканирование с фильтрами по инструкции
2025-09-12 14:42:25,351 - INFO - Найдено 404 активных USDT пар
2025-09-12 14:42:25,352 - INFO - Сканируем 404 пар (15m контекст + 5m вход)
2025-09-12 14:42:26,740 - INFO - Обработано: 40/404
2025-09-12 14:42:28,319 - INFO - Обработано: 80/404
2025-09-12 14:42:29,767 - INFO - Обработано: 120/404
2025-09-12 14:42:31,835 - INFO - Обработано: 160/404
2025-09-12 14:42:33,556 - INFO - Обработано: 200/404
2025-09-12 14:42:35,056 - INFO - Обработано: 240/404
2025-09-12 14:42:36,628 - INFO - Обработано: 280/404
2025-09-12 14:42:38,095 - INFO - Обработано: 320/404
2025-09-12 14:42:39,304 - INFO - Обработано: 360/404
2025-09-12 14:42:40,862 - INFO - Обработано: 400/404
2025-09-12 14:42:42,126 - INFO - Обработано: 404/404
2025-09-12 14:42:42,127 - INFO - ЭТАП 1: 0 сигналов за 17.54сек
2025-09-12 14:42:42,127 - WARNING - Сигналы не найдены
2025-09-12 14:42:42,127 - INFO - Следующий цикл через 5 минут
2025-09-12 14:42:52,148 - INFO - Ресурсы очищены. Завершение работы.
2025-09-12 14:42:55,804 - INFO - Анализатор по инструкции запущен (15m+5m)
2025-09-12 14:42:55,806 - INFO - Скальпинг-бот по инструкции запущен
2025-09-12 14:42:55,806 - INFO - Конфигурация: 15m контекст + 5m вход
2025-09-12 14:42:58,680 - INFO - === ЗАПУСК ПОЛНОГО ЦИКЛА АНАЛИЗА ===
2025-09-12 14:42:58,680 - INFO - Методология: 15m контекст + 5m вход → ИИ отбор → детальный анализ
2025-09-12 14:42:58,680 - INFO - ЭТАП 1: Сканирование с фильтрами по инструкции
2025-09-12 14:42:59,383 - INFO - Найдено 404 активных USDT пар
2025-09-12 14:42:59,384 - INFO - Сканируем 404 пар (15m контекст + 5m вход)
2025-09-12 14:43:00,525 - INFO - Обработано: 40/404
2025-09-12 14:43:01,945 - INFO - Обработано: 80/404
2025-09-12 14:43:03,924 - INFO - Обработано: 120/404
2025-09-12 14:43:05,418 - INFO - Обработано: 160/404
2025-09-12 14:43:06,908 - INFO - Обработано: 200/404
2025-09-12 14:43:10,059 - INFO - Обработано: 240/404
2025-09-12 14:43:12,131 - INFO - Обработано: 280/404
2025-09-12 14:43:14,480 - INFO - Обработано: 320/404
2025-09-12 14:43:16,170 - INFO - Обработано: 360/404
2025-09-12 14:43:17,539 - INFO - Обработано: 400/404
2025-09-12 14:43:18,719 - INFO - Обработано: 404/404
2025-09-12 14:43:18,720 - INFO - ЭТАП 1: 0 сигналов за 20.04сек
2025-09-12 14:43:18,720 - WARNING - Сигналы не найдены
2025-09-12 14:43:18,720 - INFO - Ресурсы очищены. Завершение работы.
2025-09-13 17:20:02,791 - INFO - Анализатор по инструкции запущен (15m+5m)
2025-09-13 17:20:02,793 - INFO - Скальпинг-бот по инструкции запущен
2025-09-13 17:20:02,793 - INFO - Конфигурация: 15m контекст + 5m вход
2025-09-13 17:20:09,583 - INFO - === ЗАПУСК ПОЛНОГО ЦИКЛА АНАЛИЗА ===
2025-09-13 17:20:09,583 - INFO - Методология: 15m контекст + 5m вход → ИИ отбор → детальный анализ
2025-09-13 17:20:09,583 - INFO - ЭТАП 1: Сканирование с фильтрами по инструкции
2025-09-13 17:20:09,583 - INFO - Создана новая глобальная HTTP сессия
2025-09-13 17:20:10,122 - INFO - Обработка 500 инструментов за 0.54сек
2025-09-13 17:20:10,123 - INFO - Найдено 404 активных USDT пар
2025-09-13 17:20:10,123 - INFO - Сканируем 404 пар (15m контекст + 5m вход)
2025-09-13 17:20:14,560 - INFO - Обработано: 40/404
2025-09-13 17:20:18,876 - INFO - Обработано: 80/404
2025-09-13 17:20:24,101 - INFO - Обработано: 120/404
2025-09-13 17:20:28,732 - INFO - Обработано: 160/404
2025-09-13 17:20:33,192 - INFO - Обработано: 200/404
2025-09-13 17:20:38,223 - INFO - Обработано: 240/404
2025-09-13 17:20:42,639 - INFO - Обработано: 280/404
2025-09-13 17:20:47,033 - INFO - Обработано: 320/404
2025-09-13 17:20:52,196 - WARNING - Медленный запрос для PUNDIXUSDT: 5.05сек
2025-09-13 17:20:52,238 - WARNING - Медленный запрос для PYRUSDT: 5.09сек
2025-09-13 17:20:52,553 - WARNING - Медленный запрос для QNTUSDT: 5.40сек
2025-09-13 17:20:52,560 - WARNING - Медленный запрос для QIUSDT: 5.41сек
2025-09-13 17:20:52,562 - WARNING - Медленный запрос для PYTHUSDT: 5.42сек
2025-09-13 17:20:52,681 - WARNING - Медленный запрос для QTUMUSDT: 5.53сек
2025-09-13 17:20:52,935 - INFO - Обработано: 360/404
2025-09-13 17:20:57,914 - INFO - Обработано: 400/404
2025-09-13 17:20:58,554 - INFO - Обработано: 404/404
2025-09-13 17:20:58,554 - INFO - ЭТАП 1: 0 сигналов за 48.97сек
2025-09-13 17:20:58,554 - WARNING - Сигналы не найдены
2025-09-13 17:20:58,554 - INFO - Ресурсы очищены. Завершение работы.
