
================================================================================
ПАРА: AINUSDT
ВРЕМЯ: 2025-09-05 09:38:37
АНАЛИЗ:
{"coin": "AINUSDT", "direction": "long", "entry_price": 0.10505, "stop_loss": 0.10435, "take_profit": 0.10558, "leverage": "3x"}
================================================================================

================================================================================
ПАРА: JELLYJELLYUSDT
ВРЕМЯ: 2025-09-05 09:38:44
АНАЛИЗ:
{"coin": "JELLYJELLYUSDT", "direction": "long", "entry_price": 0.042155, "stop_loss": 0.04185, "take_profit": 0.042365, "leverage": "3x"}
================================================================================

================================================================================
ПАРА: PROMPTUSDT
ВРЕМЯ: 2025-09-05 09:38:51
АНАЛИЗ:
{"coin": "PROMPTUSDT", "direction": "short", "entry_price": 0.17727, "stop_loss": 0.17885, "take_profit": 0.17595, "leverage": "4x"}
================================================================================

================================================================================
ПАРА: ALPINEUSDT
ВРЕМЯ: 2025-09-05 10:06:51
АНАЛИЗ:
{"coin": "ALPINEUSDT", "direction": "short", "entry_price": 2.033, "stop_loss": 2.055, "take_profit": 2.013, "leverage": "4x"}
================================================================================

================================================================================
ПАРА: JELLYJELLYUSDT
ВРЕМЯ: 2025-09-05 10:06:59
АНАЛИЗ:
{"coin": "JELLYJELLYUSDT", "direction": "short", "entry_price": 0.04160, "stop_loss": 0.04215, "take_profit": 0.04120, "leverage": "3x"}
================================================================================
