
============================================================
ПАРА: ALGOUSDT
ВРЕМЯ: 2025-09-04 16:20:59
СИСТЕМА: EMA + RSI + Volume
АНАЛИЗ:
{"coin": "ALGOUSDT", "direction": "long", "entry_price": 0.2306, "stop_loss": 0.2294, "take_profit": 0.2318, "leverage": "4x"}
============================================================

============================================================
ПАРА: AEROUSDT
ВРЕМЯ: 2025-09-04 16:21:08
СИСТЕМА: EMA + RSI + Volume
АНАЛИЗ:
{"coin": "AEROUSDT", "direction": "long", "entry_price": 1.1475, "stop_loss": 1.1428, "take_profit": 1.1532, "leverage": "4x"}
============================================================

============================================================
ПАРА: ACXUSDT
ВРЕМЯ: 2025-09-04 16:21:16
СИСТЕМА: EMA + RSI + Volume
АНАЛИЗ:
{"coin": "ACXUSDT", "direction": "short", "entry_price": 0.1399, "stop_loss": 0.1407, "take_profit": 0.1391, "leverage": "4x"}
============================================================

============================================================
ПАРА: ALCHUSDT
ВРЕМЯ: 2025-09-04 16:28:52
СИСТЕМА: EMA + RSI + Volume
АНАЛИЗ:
```json
{
  "coin": null
}
```

**АНАЛИЗ ПРИЧИН ОТСУТСТВИЯ СИГНАЛА:**

1. **EMA СИГНАЛ**: BEARISH (EMA5 < EMA13) - соответствует SHORT условию
2. **RSI**: 42.74 - находится в мертвой зоне (40-60), что автоматически отменяет любую сделку
3. **VOLUME**: Ratio 0.51x (крайне низкий), далеко от требуемых 2.0x+ для входа
4. **VOLUME TREND**: DECREASING - отсутствует институциональное участие

**РЕКОМЕНДАЦИЯ**: Ждать четкого пробоя RSI из мертвой зоны с объемным подтверждением. Текущие условия не соответствуют строгим критериям элитного скальпера.
============================================================

============================================================
ПАРА: ALGOUSDT
ВРЕМЯ: 2025-09-04 16:29:12
СИСТЕМА: EMA + RSI + Volume
АНАЛИЗ:
```json
{"coin": null}
```

**ПРИЧИНА ОТКАЗА ОТ СИГНАЛА:**

1. **RSI В МЕРТВОЙ ЗОНЕ**: RSI = 55.99 (допустимый диапазон для входа: <40 для лонга или >60 для шорта)
2. **НЕДОСТАТОЧНЫЙ VOLUME SPIKE**: Volume ratio = 1.77x (требуется минимум 2.0x для подтверждения)
3. **СЛАБЫЙ EMA КРОССОВЕР**: Разница между EMA5 и EMA13 всего 0.039% - недостаточно для сильного трендового движения

**ДОПОЛНИТЕЛЬНЫЕ НАБЛЮДЕНИЯ:**
- Цена находится в консолидации после незначительного бычьего кросса
- Объемы не показывают институционального интереса (1.77x против требуемых 2.0x+)
- RSI в нейтральной зоне указывает на отсутствие четкого импульса

**РЕКОМЕНДАЦИЯ:** Ожидать более четких сигналов - либо пробой RSI ниже 40 с объемом >2.0x для лонга, либо выше 60 с объемом >2.0x для шорта.
============================================================

============================================================
ПАРА: ALGOUSDT
ВРЕМЯ: 2025-09-04 16:33:58
СИСТЕМА: EMA + RSI + Volume
АНАЛИЗ:
```json
{"coin": null}
```

**ПРИЧИНА ОТКАЗА:**
- RSI(9) = 57.99 находится в мертвой зоне (40-60)
- Несмотря на сильный объемный спайк (16.12x) и бычий EMA кроссовер
- RSI выше 40 не дает подтверждения для LONG, ниже 60 - для SHORT
- Ждем выхода RSI из нейтральной зоны при сохранении объемного подтверждения
============================================================

============================================================
ПАРА: AGTUSDT
ВРЕМЯ: 2025-09-04 16:34:16
СИСТЕМА: EMA + RSI + Volume
АНАЛИЗ:
```json
{
  "coin": null
}
```

**ПРИЧИНЫ ОТКАЗА ОТ СИГНАЛА:**

1. **RSI НАХОДИТСЯ В МЕРТВОЙ ЗОНЕ**: RSI = 61.62 > 60, что превышает порог для LONG сигнала (требуется <40) и находится в зоне перекупленности для SHORT

2. **НЕДОСТАТОЧНЫЙ VOLUME SPIKE**: Volume ratio = 1.54x, что ниже минимального требования 2.0x для входа

3. **СМЕШАННЫЕ СИГНАЛЫ**: 
   - EMA показывает BULLISH (EMA5 > EMA13)
   - RSI показывает перекупленность (>60)
   - Volume недостаточный для подтверждения

**РЕКОМЕНДАЦИЯ**: Ожидать либо коррекции RSI ниже 40 при сохранении объема >2.0x, либо снижения объема и перехода RSI в нейтральную зону для переоценки ситуации.
============================================================

============================================================
ПАРА: AGIUSDT
ВРЕМЯ: 2025-09-04 16:34:29
СИСТЕМА: EMA + RSI + Volume
АНАЛИЗ:
{
  "coin": null
}

**ПРИЧИНЫ ОТСУТСТВИЯ СИГНАЛА:**
1. ❌ RSI(9) = 49.56 (в мертвой зоне 40-60)
2. ❌ Volume Ratio = 1.35x (< 2.0x требуемого минимума)
3. ❌ EMA сигнал слабо-медвежий, но недостаточно выражен для входа
4. ❌ Общее качество сигнала всего 55/100

**РЕКОМЕНДАЦИЯ:** Ожидать четкого пробоя с объемом >2.0x и RSI вне диапазона 40-60. Текущие условия не соответствуют строгим критериям HFT скальпинга.
============================================================
